SRR11550027.8634.1	NC_045512.2	96	15M	CACTCGGCTGCATGC
SRR11550027.11506.1	NC_045512.2	225	32M	CAGCACATCTAGGTTTTGTCCGGGTGTGACCG
SRR11550027.5257.1	NC_045512.2	241	16M	TGTCCGGGTGTGACCG
SRR11550027.16502.1	NC_045512.2	242	15M	GTCCGGGTGTGACCG
SRR11550027.10630.1	NC_045512.2	246	15M	GGGTGTGACCGAAAG
SRR11550027.12014.1	NC_045512.2	268	28M	GGAGAGCCTTGTCCCTGGTTTCAACGAG
SRR11550027.13048.1	NC_045512.2	268	26M	GGAGAGCCTTGTCCCTGGTTTCAACG
SRR11550027.16022.1	NC_045512.2	272	22M	AGCCTTGTCCCTGGTTTCAACG
SRR11550027.3531.1	NC_045512.2	281	28M	CCTGGTTTCAACGAGAAAACACACGTCC
SRR11550027.5052.1	NC_045512.2	289	22M	CAACGAGAAAACACACGTCCAC
SRR11550027.2628.1	NC_045512.2	447	32M	TGCCTCAACTTGAACAGCCCTATGTGTTCATC
SRR11550027.10593.1	NC_045512.2	487	26M	GGATTCTCGAACTGCACCTCATGGTC
SRR11550027.6430.1	NC_045512.2	494	21M	CGAACTGCACCTCATGGTCAT
SRR11550027.16681.1	NC_045512.2	555	21M	ACGGTCGTAGTGGTGAGACAC
SRR11550027.9781.1	NC_045512.2	638	28M	AAGAACGGTAATAAAGGAGCTGGTGGCC
SRR11550027.4685.1	NC_045512.2	699	22M	TAGGCGACGAGCTTGGCACTGG
SRR11550027.8721.1	NC_045512.2	737	18M	CAAGAAAACTGGAACACT
SRR11550027.998.1	NC_045512.2	737	22M	CAAGAAAACTGGAACACTAAAC
SRR11550027.928.1	NC_045512.2	975	26M	AAATTGCTTGGTACACGGAACGTTCT
SRR11550027.14855.1	NC_045512.2	1011	21M	GTGAATTGCAGACACCTTTTG
SRR11550027.11038.1	NC_045512.2	1164	21M	TTCGATCTGTCTATCCAGTTT
SRR11550027.16947.1	NC_045512.2	1172	20M	GTCTATCCAGTTGCGTCACC
SRR11550027.15595.1	NC_045512.2	1176	16M	ATCCAGTTGCGTCACC
SRR11550027.10972.1	NC_045512.2	1350	20M	AAAATGCTGTTGTTAAAACT
SRR11550027.8175.1	NC_045512.2	1383	18M	GTCACAATTCAGAAGTAG
SRR11550027.2029.1	NC_045512.2	1600	29M	TCTTAATGACAACCTTCTTGAAATACTCC
SRR11550027.878.1	NC_045512.2	1604	25M	AATGACAACCTTCTTGAAATACTCC
SRR11550027.11144.1	NC_045512.2	1610	19M	AACCTTCTTGAAATACTCC
SRR11550027.13024.1	NC_045512.2	1783	24M	TGGTAATTTTAAAGTTACAAAAGG
SRR11550027.4885.1	NC_045512.2	1945	17M	TGTTTTACAGAAGGCCG
SRR11550027.9198.1	NC_045512.2	2129	28M	GAAAAACTCAAACCCGTCCTTGATTGGC
SRR11550027.8937.1	NC_045512.2	2133	25M	AACTCAAACCCGTCCTTGATTGGCT
SRR11550027.5815.1	NC_045512.2	2243	26M	GTCGGTGGACAAATTGTCACCTGTGC
SRR11550027.8285.1	NC_045512.2	2246	23M	GGTGGACAAATTGTCACCTGTGC
SRR11550027.10584.1	NC_045512.2	2267	27M	GCAAAGGAAATTAAGGAGAGTGTTCAT
SRR11550027.12488.1	NC_045512.2	2323	19M	GGCTTTGTGTGCTGAATCT
SRR11550027.7224.1	NC_045512.2	2323	25M	GGCTTTGTGTGCTGACTCTATCATT
SRR11550027.10121.1	NC_045512.2	2412	23M	TGTACAGAAAGTGTGTTAAATCC
SRR11550027.16216.1	NC_045512.2	2452	21M	ACTCATGCCTCTAAAAGCCCC
SRR11550027.7303.1	NC_045512.2	2453	20M	CTCATGCCTCTAAAAGCCCC
SRR11550027.5748.1	NC_045512.2	2455	18M	CATTCCTCTAAAAGCCCC
SRR11550027.227.1	NC_045512.2	2491	17M	AGAGGGAGAAACACTAC
SRR11550027.16314.1	NC_045512.2	3056	16M	GAAGAAGAAGGTGACT
SRR11550027.5782.1	NC_045512.2	3173	22M	CAACCTGAAGAAGAGCAAGAAG
SRR11550027.16600.1	NC_045512.2	3179	19M	GAAGAAGAGCAAGAAGAAG
SRR11550027.7253.1	NC_045512.2	3179	20M	GAAGAAGAGCAAGAAGAAGG
SRR11550027.9492.1	NC_045512.2	3180	21M	AAGAAGAGCAAGAAGAAGAGT
SRR11550027.9901.1	NC_045512.2	3180	15M	AAGAAGAGCAAGAAG
SRR11550027.239.1	NC_045512.2	3542	20M	ACTAATGGACCACTTAAAGT
SRR11550027.1326.1	NC_045512.2	3643	32M2I5M	AGACATTCAACTTCTTAAGAGTGCTTATGAAATTATTTT
SRR11550027.15336.1	NC_045512.2	3682	24M	TCAGCACGAAGTTCTACTTGCACC
SRR11550027.1446.1	NC_045512.2	3690	19M	AAGTTCTACTTGCACCAGT
SRR11550027.13565.1	NC_045512.2	3782	19M	GCCTACTTAGCTGTCTTTG
SRR11550027.14185.1	NC_045512.2	3838	32M	GGAAATGAAGAGTGAAAAGCAAGTTAAAAAAT
SRR11550027.8780.1	NC_045512.2	3838	16M	GGAAATGAAGAGTGAT
SRR11550027.16781.1	NC_045512.2	3843	15M	TGAAGAGTGAAAAGC
SRR11550027.13489.1	NC_045512.2	3913	20M	TGAAAGTAAACCTTCAGTTC
SRR11550027.4656.1	NC_045512.2	3935	15M	CAGAGAAAACAAGAT
SRR11550027.14773.1	NC_045512.2	4216	27M	GAGAAAAGTGCCAACAGACAATTATAT
SRR11550027.12001.1	NC_045512.2	4282	15M	AGAGGAGGCAAAGGC
SRR11550027.5059.1	NC_045512.2	4282	22M	AGAGGAGGCAAAGACAGTGCTT
SRR11550027.6329.1	NC_045512.2	4282	15M	AGAGGAGGCAAAGGC
SRR11550027.5309.1	NC_045512.2	4389	22M	TGCGAGAAATGCTTGCACATGC
SRR11550027.6655.1	NC_045512.2	4409	15M	GCAGAAGAAACACGC
SRR11550027.860.1	NC_045512.2	4504	24M	GGGTGTGGTTGATTATGGTGCTAC
SRR11550027.7591.1	NC_045512.2	4732	23M	TCTTACTTCTTCTTCTAAGACAC
SRR11550027.120.1	NC_045512.2	4850	18M	AAGAGAGGTGATAAAAGT
SRR11550027.154.1	NC_045512.2	4868	34M	GTATATTACACTAGTAATCCTACCACATTCCACC
SRR11550027.6481.1	NC_045512.2	5077	17M	TACTAAAATAAAACCTC
SRR11550027.16265.1	NC_045512.2	5423	20M	AAGACAGTAGGTGAGTTAGG
SRR11550027.11894.1	NC_045512.2	5435	19M	GAGTTAGGTGATGTTAGAG
SRR11550027.15622.1	NC_045512.2	5808	35M	TAGACGGTGCTTTACTTACAAAGTCCTCAGAATAC
SRR11550027.4598.1	NC_045512.2	6349	24M	GAAGTCAGAGGACGCGCAGGGAAC
SRR11550027.5168.1	NC_045512.2	6349	20M	GAAGTCAGAGGACGCGCAGG
SRR11550027.13158.1	NC_045512.2	6355	15M	AGAGGACGCGCAGGG
SRR11550027.3920.1	NC_045512.2	6487	18M	CATTATACTTAAACCAGC
SRR11550027.14681.1	NC_045512.2	6488	17M	ATTATACTTAAACCAGC
SRR11550027.394.1	NC_045512.2	6493	23M	ACTTAAACCAGCAAATAATAGTG
SRR11550027.16463.1	NC_045512.2	6795	17M	TACAATTGTATACTTTT
SRR11550027.9601.1	NC_045512.2	7417	19M	CATCTTCTTTGCATCATTT
SRR11550027.6199.1	NC_045512.2	7423	25M	CTTTGCATCATTTTATTATGTATGG
SRR11550027.9373.1	NC_045512.2	7463	15M	GTTGTAGACGGTTGT
SRR11550027.3450.1	NC_045512.2	7500	22M	GTTACAAACGTAATAGAGCAAC
SRR11550027.7837.1	NC_045512.2	7887	19M	TAGTTTTTGATGGTAAATC
SRR11550027.5524.1	NC_045512.2	8062	23M	ATCAACTTTTAACGTACCAATGT
SRR11550027.9705.1	NC_045512.2	8203	20M	AGAAACTAAAGATGTTGTTG
SRR11550027.2511.1	NC_045512.2	8279	18M	AACTATATGCTCACCTAT
SRR11550027.1279.1	NC_045512.2	8428	15M	GTCTTAACAACTACG
SRR11550027.14285.1	NC_045512.2	8428	37M	GTCTGAACAACTACGAAAACAAATACGTAGTGCTGCT
SRR11550027.14175.1	NC_045512.2	8443	22M	GAAACAAATACGTAGTGCTGCT
SRR11550027.1515.1	NC_045512.2	8780	15M	AGCCAGCGTGGTGGT
SRR11550027.4402.1	NC_045512.2	8942	23M	GGTAACATCTGTTACACACCATC
SRR11550027.4639.1	NC_045512.2	8943	22M	GTAACATCTGTTACACACCATC
SRR11550027.10973.1	NC_045512.2	9284	29M	AACAATGATTATTACAGATCTTTACCAGG
SRR11550027.7267.1	NC_045512.2	9379	30M	TGGTGCTTTGGACATATCAGCATCTATAGT
SRR11550027.12339.1	NC_045512.2	9664	28M	ACCTTTAGTACCTTTCTGGATAACAATT
SRR11550027.7290.1	NC_045512.2	9840	18M	AGTTGCGTAGTGATGTGC
SRR11550027.9929.1	NC_045512.2	9917	32M	AGGGGAGCAATGGATACAACTAGCTACAGAGA
SRR11550027.2833.1	NC_045512.2	9928	20M	GGATACAACTAGCTACAGAG
SRR11550027.10697.1	NC_045512.2	10281	21M	GGGTTATTGGACATTCTATGC
SRR11550027.4517.1	NC_045512.2	11241	33M	GGGTGATGCGTATTATGACATGGTTGGATATGG
SRR11550027.4690.1	NC_045512.2	11690	24M	GGTGTTTATGATTACTTAGTTTAT
SRR11550027.11547.1	NC_045512.2	11883	18M	TCTCAGTTTTGCAACAAC
SRR11550027.15744.1	NC_045512.2	12314	20M	AGATCTGAGGACAAGAGGGC
SRR11550027.13475.1	NC_045512.2	12320	19M	GAGGACAAGAGGGCAAAAG
SRR11550027.5434.1	NC_045512.2	12644	29M	ATTGTAACAGCTTTAAGGGCCAATTCTGC
SRR11550027.11571.1	NC_045512.2	12741	20M	CACAAACTGCTTGCACTGAT
SRR11550027.4873.1	NC_045512.2	13665	17M	CACTTTCTCTAACTACC
SRR11550027.522.1	NC_045512.2	13753	15M	AGAATAGACGGTGAC
SRR11550027.3545.1	NC_045512.2	13911	17M	CAATAAAAAGGACTGGT
SRR11550027.5148.1	NC_045512.2	13911	19M	CAATAAAAAGGACTGGTAC
SRR11550027.16339.1	NC_045512.2	14243	19M	GGGATTTGTTAAAATATGC
SRR11550027.11431.1	NC_045512.2	14326	33M	CCAAATTGTGTTAACTGTTTGGATGACAGATGC
SRR11550027.1229.1	NC_045512.2	14707	20M	GCTGTGTCTAAGGGTTTCTC
SRR11550027.10409.1	NC_045512.2	14756	17M	ACTTCTTCTTTGCTCAG
SRR11550027.13823.1	NC_045512.2	14992	30M	TCAATGAGTTATGAGGATCAAGATGCACTG
SRR11550027.12694.1	NC_045512.2	14993	25M	CAATGAGTTATGAGGATCAAGATGC
SRR11550027.3937.1	NC_045512.2	15055	27M	ATAACTCAAATGAATCTTAAGTATGCC
SRR11550027.9451.1	NC_045512.2	15378	24M	TAGCTTGTCACACCGTTTCTATAC
SRR11550027.10639.1	NC_045512.2	15826	33M	GAAGCAAAATGTTGGACTGAGACTGACCTTACC
SRR11550027.7499.1	NC_045512.2	16302	29M	ACCATTCTTATGTTGTAAATGCTGTTACC
SRR11550027.11541.1	NC_045512.2	16498	18M	CAAGTTTTTGGTTTATAT
SRR11550027.11413.1	NC_045512.2	16534	20M	AGCGATAATGTTACTGACTG
SRR11550027.17097.1	NC_045512.2	17149	19M	GTGTATACAGCTTGCTCTC
SRR11550027.9394.1	NC_045512.2	17329	17M	GAGACGACAGCAGATAG
SRR11550027.6379.1	NC_045512.2	17359	17M	GAAATTTCAATGGCCAC
SRR11550027.1643.1	NC_045512.2	17446	26M	CAATTACCTGCACCACGCACATTGCT
SRR11550027.3365.1	NC_045512.2	17472	21M	AACTAAGGGCACACTAGAACC
SRR11550027.14956.1	NC_045512.2	17874	21M	CACTCAAACCACTGAAACAGC
SRR11550027.6697.1	NC_045512.2	17904	36M	TAATGTAAACAGATTTAATGTTGCTATTACCAGAGC
SRR11550027.4197.1	NC_045512.2	17992	32M	CAATTTACAAGTCTTGAAATTCCACGTAAAAG
SRR11550027.523.1	NC_045512.2	18439	23M	TCCAGAGTTAGTGCTAAACCACC
SRR11550027.12884.1	NC_045512.2	18472	30M	CAATTTAAACACCTCATACCACTTATGTAC
SRR11550027.10018.1	NC_045512.2	18709	34M	TATGCCTGTTGGCATCATTCTATTGGATTTGATT
SRR11550027.4017.1	NC_045512.2	18762	18M	GATTGATGTTCAACAATG
SRR11550027.1689.1	NC_045512.2	19002	18M	ATTAGCAGACAAATTCCC
SRR11550027.6988.1	NC_045512.2	19002	28M	ATTAGCAGACAAATTCCCAGTTCTTCAC
SRR11550027.13300.1	NC_045512.2	19100	23M	AGCCTTGTAGTGACAAGGCTTAT
SRR11550027.12450.1	NC_045512.2	19996	16M	AGAGTTGATGGTCACG
SRR11550027.15494.1	NC_045512.2	20037	27M	TGGTGTTCTTATTACAGAAGGTAGTGT
SRR11550027.1048.1	NC_045512.2	20067	37M	AGGTTTACAACCATCTGTAGGTCCCAAACAAGCTAGT
SRR11550027.5658.1	NC_045512.2	20432	21M	TGGACAGTACAGTTAAAAACC
SRR11550027.3620.1	NC_045512.2	20486	17M	TGTGTGTGTGTTCTGTT
SRR11550027.15837.1	NC_045512.2	20676	28M	ACCGGGTGTTGCTATGCCTAATCTTTAC
SRR11550027.11829.1	NC_045512.2	21052	26M	TACGACCCTAAGACTAAAAATGTTAC
SRR11550027.9947.1	NC_045512.2	21409	21M	CCCCTTAAATTAAGGGGTACT
SRR11550027.10861.1	NC_045512.2	21866	20M	AGAGGCTGGATTTTTGGTAC
SRR11550027.5910.1	NC_045512.2	22769	34M	AGAGGTGATGAAGTCAGACAAATCGCTCCAGGGC
SRR11550027.16395.1	NC_045512.2	22778	27M	GAAGTCAGACAAATCGCTCCAGGGCAT
SRR11550027.1986.1	NC_045512.2	23139	26M	GACCTAAAAAGTCTACTAATTTGGTT
SRR11550027.8560.1	NC_045512.2	23234	15M	GAGTTTCTGCCTTTC
SRR11550027.14951.1	NC_045512.2	23333	21M	TCTTTTGGTGGTGTCAGTGTC
SRR11550027.16940.1	NC_045512.2	23380	25M	CCAGGTTGCTGTTCTTTATCAGGGG
SRR11550027.9152.1	NC_045512.2	23598	32M	ATTCTCCTCGGCGGGCACGTAGTGTAGCTAAG
SRR11550027.5777.1	NC_045512.2	23630	28M	CAATCCATCATTGCCTACACTATGTCAC
SRR11550027.15987.1	NC_045512.2	23999	15M	AGCAAGAGGTCATTC
SRR11550027.57.1	NC_045512.2	24515	22M	GACAAAGTTGAGGCTGAAGTGC
SRR11550027.8741.1	NC_045512.2	24677	25M	AGAGTTGATTTTTGTGGAAAGGGCT
SRR11550027.15004.1	NC_045512.2	24754	20M	TGTGACTTATGTCCCTGCAC
SRR11550027.14132.1	NC_045512.2	24858	16M	GCACACACTGGTTTCT
SRR11550027.4420.1	NC_045512.2	25438	18M	AAGCAAGGTGAAATCAAG
SRR11550027.15605.1	NC_045512.2	25445	27M	GTGAAATCAAGGATGCTACTCCTTCAG
SRR11550027.5199.1	NC_045512.2	25500	21M	GATACAAGCCTCACTCCCTTT
SRR11550027.8397.1	NC_045512.2	25562	26M	AGAGCGCTTCCAAAATCATAACCCTC
SRR11550027.15651.1	NC_045512.2	26067	22M	TGAACATGTTACCTTCTTCATC
SRR11550027.4397.1	NC_045512.2	26135	23M	CAATCGACGGTTCATCCGGAGTC
SRR11550027.7163.1	NC_045512.2	26152	16M	GGAGTTGTTAATCCAG
SRR11550027.2072.1	NC_045512.2	26204	38M	CTAGCGTGCCTTTGTAAGCACAAGCTGATGAGCAAAAT
SRR11550027.13037.1	NC_045512.2	26263	24M	GAAGAGACAGGTACGTTAATAGTT
SRR11550027.3208.1	NC_045512.2	26475	21M	GAACTAAATATTATATTAGTT
SRR11550027.1321.1	NC_045512.2	26538	19M	GGTACTATTACCGTTGAAG
SRR11550027.1567.1	NC_045512.2	26717	21M	TGTGCTTGCTGCTGTTTACAG
SRR11550027.16394.1	NC_045512.2	26717	24M	TGTGCTTGCTGCTGTTTACAGAAT
SRR11550027.5602.1	NC_045512.2	26919	31M	CTTCTAGAAAGTGAACTCGTAATCGGAGCTG
SRR11550027.8294.1	NC_045512.2	26930	27M	TGAACTCGTAATCGGAGCTGTGATCCT
SRR11550027.9048.1	NC_045512.2	27075	34M	CAGCGTGTAGCAGGTGCCTCAGGTTTTGCTGCAT
SRR11550027.769.1	NC_045512.2	27174	15M	GCTTTGCTTGTACAG
SRR11550027.10804.1	NC_045512.2	27232	30M	TTAGCAGAGATATTACTAATTATTATGAGG
SRR11550027.6772.1	NC_045512.2	27284	29M	ATCTTGATTACATCATAAACCTCATAATT
SRR11550027.368.1	NC_045512.2	27288	19M	TGATTACATCATAAACCCC
SRR11550027.14981.1	NC_045512.2	27293	16M	ACATCATAAACCTCAC
SRR11550027.14386.1	NC_045512.2	27376	21M	GAGATTGATTAAACGAACATG
SRR11550027.15221.1	NC_045512.2	27713	29M	TAGTGTTTATAACACTATGCTTCACACTC
SRR11550027.8280.1	NC_045512.2	27719	23M	TTATAACACTTTGCTTCACACAC
SRR11550027.8869.1	NC_045512.2	27720	22M	TATAACACTTTGCTTCACACTC
SRR11550027.11099.1	NC_045512.2	27721	21M	ATAACACTTTGCTTCACACTC
SRR11550027.14469.1	NC_045512.2	28006	23M	CTATTCACTTCTATTCTAAATGG
SRR11550027.15396.1	NC_045512.2	28064	25M	AATTGAATTGTGCGTGGATGAGGCC
SRR11550027.15203.1	NC_045512.2	28070	22M	ATTGTGCGTGGATGAGGCTGGC
SRR11550027.9344.1	NC_045512.2	28294	22M	AAATCAGCGAAATGCACCCCGC
SRR11550027.4553.1	NC_045512.2	28383	24M	CAAAACAACGTCGGCCCCAAGGTT
SRR11550027.16691.1	NC_045512.2	28417	29M	TACTTAGTCTTGGTTCACCGCTCTCACTC
SRR11550027.5938.1	NC_045512.2	28527	24M	GCTACTACCGAAGAGCTACCAGAC
SRR11550027.8729.1	NC_045512.2	28554	37M	TTCGTGGTGGGGACGGTAAAATGAAAGATCTCAGTCC
SRR11550027.11826.1	NC_045512.2	28558	25M	TGGTGGTGACGGTAAAATGAAAGAC
SRR11550027.8552.1	NC_045512.2	28655	29M	GACGGCATCATATGGGTTGCAACTGAGGG
SRR11550027.13183.1	NC_045512.2	28660	33M	CATCATATGGGTTGCAACTGAGGGAGCCTTGTC
SRR11550027.4398.1	NC_045512.2	28667	20M	TGGGTTGCAACTGAGGGAGT
SRR11550027.14307.1	NC_045512.2	28678	21M	TGAGGGAGCCTTGAATACACC
SRR11550027.12893.1	NC_045512.2	28766	21M	ACAACATTGCCAAAAGGCTTT
SRR11550027.9914.1	NC_045512.2	28893	15M	CTGCTAGAATGGCTC
SRR11550027.6646.1	NC_045512.2	28923	16M	CTGCTCTTGCTTTGCG
SRR11550027.15763.1	NC_045512.2	29094	27M	TCGGCAGACGTGGTCCAGAACAAACCC
SRR11550027.1289.1	NC_045512.2	29095	26M	CGGCAGACGTGGTCCAGAACAAACCC
SRR11550027.9139.1	NC_045512.2	29095	26M	CGGCAGACGTGGTCCAGAACAAACCC
SRR11550027.3777.1	NC_045512.2	29104	20M	TGGTCCAGAACAAACCCAAG
SRR11550027.14490.1	NC_045512.2	29326	28M	TTTGCTGAATAAGCATATTGACGCATAC
SRR11550027.4220.1	NC_045512.2	29339	29M	CATATTGACGCATACAAAACATTCCCATC
SRR11550027.9899.1	NC_045512.2	29339	15M	CATATTGACGCATAC
SRR11550027.11363.1	NC_045512.2	29345	31M	GACGCATACAAAACATTCCCACCAACAGAGC
SRR11550027.12240.1	NC_045512.2	29345	32M	GACGCATACAAAACATTCCCACCAACAGAGCG
SRR11550027.1642.1	NC_045512.2	29345	31M	GACGCATACAAAACATTCCCACCAACAGAGC
SRR11550027.4274.1	NC_045512.2	29345	33M	GACGCATACAAAACATTCCCACCAACAGAGCCT
SRR11550027.7871.1	NC_045512.2	29345	32M	GACGCATACAAAACATTCCCACCAACAGAGCC
SRR11550027.11334.1	NC_045512.2	29348	30M	GCATACAAAACATTCCCACCAACAGAGCCG
SRR11550027.10124.1	NC_045512.2	29349	28M	CATACAAAACATTCCCACCAACAGAGCC
SRR11550027.7309.1	NC_045512.2	29349	28M	CATACAAAACATTCCCACCAACAGAGCC
SRR11550027.10159.1	NC_045512.2	29351	27M	TACAAAACATTCCCACCAACAGAGCCT
SRR11550027.3676.1	NC_045512.2	29351	20M	TACAAAACATTCCCACCAAC
SRR11550027.4674.1	NC_045512.2	29351	27M	TACAAAACATTCCCACCAACAGAGCCT
SRR11550027.10500.1	NC_045512.2	29353	18M	CAAAACATTCCCACCAAC
SRR11550027.12419.1	NC_045512.2	29353	23M	CAAAACATTCCCACCAACAGAGC
SRR11550027.6570.1	NC_045512.2	29353	24M	CAAAACATTCCCACCAACAGCGCC
SRR11550027.7066.1	NC_045512.2	29353	24M	CAAAACATTCCCACCAACAGAGCC
SRR11550027.9241.1	NC_045512.2	29353	24M	CAAAACATTCCCACCAACAGAGCC
SRR11550027.15857.1	NC_045512.2	29360	18M	TTCCCACCAACAGAGCCT
SRR11550027.6941.1	NC_045512.2	29360	18M	TTCCCACCAACAGAGCCG
SRR11550027.15866.1	NC_045512.2	29361	17M	TCCCCCCAACAGAGCCT
SRR11550027.4385.1	NC_045512.2	29361	18M	TCCCACCAACAGAGCCTT
SRR11550027.8152.1	NC_045512.2	29362	16M	CCCACCAACAGAGCCT
SRR11550027.6885.1	NC_045512.2	29730	29M	CACCGAGGCCACGCGGAGTACGATCGACT
SRR11550027.8039.1	NC_045512.2	29834	37M	TCCCCATGTGATTTTAATAGCTTCTTAGGAGAATGGC
SRR11550027.10148.1	NC_045512.2	29836	35M	CCCATGTGATTTTAATAGCTTCTTAGGAGAATGAC
SRR11550027.15737.1	NC_045512.2	29839	32M	ATGTGATTTTAATAGCTTCTTAGGAGAATGAC
SRR11550027.14533.1	NC_045512.2	29840	31M	TGTGATTTTAATAGCTTCTTAGGAGAATGAC
SRR11550027.7468.1	NC_045512.2	29841	30M	GTGATTTTAATAGCTTCTTAGGAGAATGAC
SRR11550027.6607.1	NC_045512.2	29842	29M	TGATTTTAATAGCTTCTTAGGAGAATGAC
SRR11550027.9415.1	NC_045512.2	29844	27M	ATTTTAATAGCTTCTTAGGAGAATGAC
SRR11550027.5671.1	NC_045512.2	29853	18M	GCTTCTTAGGAGCATGAC
SRR11550027.14802.1	NC_045512.2	29854	17M	CTTCTTAGGAGAATGTC
SRR11550027.16615.1	NC_045512.2	29854	17M	CTTCTTAGGAGAATGAC
SRR11550027.3399.1	NC_045512.2	29854	17M	CTTCTTAGGAGAATGAC
SRR11550027.12348.1	NC_045512.2	29856	15M	TCTTAGGAGAATGGC
SRR11550027.6191.1	NC_045512.2	29856	15M	TCTTAGGAGAATGGC
SRR11550027.6989.1	NC_045512.2	29856	15M	TCTTAGGAGAATGAC
SRR11550027.16621.1	NC_045512.2	29857	15M	CTTAGGAGAATGACT
