SRR11550027.57.1	0	NC_045512.2	24515	42	22M	*	0	0	GACAAAGTTGAGGCTGAAGTGC	AAEEEEEEEEAEEEEEEEEEEE	AS:i:0	XN:i:0	XM:i:0	XO:i:0	XG:i:0	NM:i:0	MD:Z:22	YT:Z:UU
SRR11550027.120.1	0	NC_045512.2	4850	42	18M	*	0	0	AAGAGAGGTGATAAAAGT	AAEEEEE//E/EE6EEEE	AS:i:0	XN:i:0	XM:i:0	XO:i:0	XG:i:0	NM:i:0	MD:Z:18	YT:Z:UU
SRR11550027.154.1	0	NC_045512.2	4868	42	34M	*	0	0	GTATATTACACTAGTAATCCTACCACATTCCACC	AAEEEEE6E6EEEEEE6EEEEAEE6E6EEEEEEE	AS:i:0	XN:i:0	XM:i:0	XO:i:0	XG:i:0	NM:i:0	MD:Z:34	YT:Z:UU
SRR11550027.227.1	0	NC_045512.2	2491	23	17M	*	0	0	AGAGGGAGAAACACTAC	AAEEEAEE/E6EEEE6E	AS:i:-4	XN:i:0	XM:i:1	XO:i:0	XG:i:0	NM:i:1	MD:Z:15T1	YT:Z:UU
SRR11550027.239.1	0	NC_045512.2	3542	42	20M	*	0	0	ACTAATGGACCACTTAAAGT	AAEAEEEE/EEEEEEEEEAE	AS:i:0	XN:i:0	XM:i:0	XO:i:0	XG:i:0	NM:i:0	MD:Z:20	YT:Z:UU
SRR11550027.368.1	0	NC_045512.2	27288	23	19M	*	0	0	TGATTACATCATAAACCCC	AAEEEEEEEEAEA/EEEEE	AS:i:-5	XN:i:0	XM:i:1	XO:i:0	XG:i:0	NM:i:1	MD:Z:17T1	YT:Z:UU
SRR11550027.394.1	0	NC_045512.2	6493	24	23M	*	0	0	ACTTAAACCAGCAAATAATAGTG	AAEEEEAEE/EE/EEEEEEAEEA	AS:i:-5	XN:i:0	XM:i:1	XO:i:0	XG:i:0	NM:i:1	MD:Z:22T0	YT:Z:UU
SRR11550027.522.1	0	NC_045512.2	13753	42	15M	*	0	0	AGAATAGACGGTGAC	AAEAEEEEEEAEEEE	AS:i:0	XN:i:0	XM:i:0	XO:i:0	XG:i:0	NM:i:0	MD:Z:15	YT:Z:UU
SRR11550027.523.1	0	NC_045512.2	18439	42	23M	*	0	0	TCCAGAGTTAGTGCTAAACCACC	AAEAAAEEEEEEEEEA6/EE6EE	AS:i:0	XN:i:0	XM:i:0	XO:i:0	XG:i:0	NM:i:0	MD:Z:23	YT:Z:UU
SRR11550027.769.1	16	NC_045512.2	27174	42	15M	*	0	0	GCTTTGCTTGTACAG	AEEEEEEEEEE/AAA	AS:i:0	XN:i:0	XM:i:0	XO:i:0	XG:i:0	NM:i:0	MD:Z:15	YT:Z:UU
SRR11550027.860.1	0	NC_045512.2	4504	24	24M	*	0	0	GGGTGTGGTTGATTATGGTGCTAC	AAEAEEEAEEEEEEEEEEEEEE/E	AS:i:-5	XN:i:0	XM:i:1	XO:i:0	XG:i:0	NM:i:1	MD:Z:23G0	YT:Z:UU
SRR11550027.878.1	0	NC_045512.2	1604	42	25M	*	0	0	AATGACAACCTTCTTGAAATACTCC	AAEEAEAAEEEEEEEE6E6EEEEEE	AS:i:0	XN:i:0	XM:i:0	XO:i:0	XG:i:0	NM:i:0	MD:Z:25	YT:Z:UU
SRR11550027.928.1	0	NC_045512.2	975	42	26M	*	0	0	AAATTGCTTGGTACACGGAACGTTCT	AAE/EEEEEEEEEEEEEE66EEEEEE	AS:i:0	XN:i:0	XM:i:0	XO:i:0	XG:i:0	NM:i:0	MD:Z:26	YT:Z:UU
SRR11550027.998.1	0	NC_045512.2	737	42	22M	*	0	0	CAAGAAAACTGGAACACTAAAC	AAEAEEEEEEEEEEEEEEEEEE	AS:i:0	XN:i:0	XM:i:0	XO:i:0	XG:i:0	NM:i:0	MD:Z:22	YT:Z:UU
SRR11550027.1048.1	0	NC_045512.2	20067	42	37M	*	0	0	AGGTTTACAACCATCTGTAGGTCCCAAACAAGCTAGT	AAEAEEEE//EE/EEAEEEEEEEEEE//E/6EEE//A	AS:i:0	XN:i:0	XM:i:0	XO:i:0	XG:i:0	NM:i:0	MD:Z:37	YT:Z:UU
SRR11550027.1229.1	0	NC_045512.2	14707	23	20M	*	0	0	GCTGTGTCTAAGGGTTTCTC	6A6/AA/AEEEEEEEEEAEE	AS:i:-5	XN:i:0	XM:i:1	XO:i:0	XG:i:0	NM:i:1	MD:Z:19T0	YT:Z:UU
SRR11550027.1279.1	0	NC_045512.2	8428	24	15M	*	0	0	GTCTTAACAACTACG	66E//EEAEEEEEAE	AS:i:-3	XN:i:0	XM:i:1	XO:i:0	XG:i:0	NM:i:1	MD:Z:4G10	YT:Z:UU
SRR11550027.1289.1	0	NC_045512.2	29095	42	26M	*	0	0	CGGCAGACGTGGTCCAGAACAAACCC	AAEEEEEEEEEEEEEEE6EEEEEEEE	AS:i:0	XN:i:0	XM:i:0	XO:i:0	XG:i:0	NM:i:0	MD:Z:26	YT:Z:UU
SRR11550027.1321.1	0	NC_045512.2	26538	42	19M	*	0	0	GGTACTATTACCGTTGAAG	AAEEEEEEE6EEEEEEEAE	AS:i:0	XN:i:0	XM:i:0	XO:i:0	XG:i:0	NM:i:0	MD:Z:19	YT:Z:UU
SRR11550027.1326.1	0	NC_045512.2	3643	23	32M2I5M	*	0	0	AGACATTCAACTTCTTAAGAGTGCTTATGAAATTATTTT	AAAEEEEEEEEAEEAEEEEEEEE///6EA////////<A	AS:i:-11	XN:i:0	XM:i:0	XO:i:1	XG:i:2	NM:i:2	MD:Z:37	YT:Z:UU
SRR11550027.1446.1	0	NC_045512.2	3690	40	19M	*	0	0	AAGTTCTACTTGCACCAGT	A6EEEAE/AEEEE6EEE/E	AS:i:-3	XN:i:0	XM:i:1	XO:i:0	XG:i:0	NM:i:1	MD:Z:17T1	YT:Z:UU
SRR11550027.1515.1	0	NC_045512.2	8780	42	15M	*	0	0	AGCCAGCGTGGTGGT	AAEEEEEEEEEE6EE	AS:i:0	XN:i:0	XM:i:0	XO:i:0	XG:i:0	NM:i:0	MD:Z:15	YT:Z:UU
SRR11550027.1567.1	0	NC_045512.2	26717	42	21M	*	0	0	TGTGCTTGCTGCTGTTTACAG	AA/AEEEEEEEEEEEEEEEEE	AS:i:0	XN:i:0	XM:i:0	XO:i:0	XG:i:0	NM:i:0	MD:Z:21	YT:Z:UU
SRR11550027.1642.1	0	NC_045512.2	29345	42	31M	*	0	0	GACGCATACAAAACATTCCCACCAACAGAGC	AAEEAEE/EE66EA/EEEEEEEEAEEEEE6E	AS:i:0	XN:i:0	XM:i:0	XO:i:0	XG:i:0	NM:i:0	MD:Z:31	YT:Z:UU
SRR11550027.1643.1	0	NC_045512.2	17446	42	26M	*	0	0	CAATTACCTGCACCACGCACATTGCT	AAAE6EEEEEE/EEEEEEEEEEEEEE	AS:i:0	XN:i:0	XM:i:0	XO:i:0	XG:i:0	NM:i:0	MD:Z:26	YT:Z:UU
SRR11550027.1689.1	0	NC_045512.2	19002	42	18M	*	0	0	ATTAGCAGACAAATTCCC	AAA/EA/EAEE/AEEEEE	AS:i:0	XN:i:0	XM:i:0	XO:i:0	XG:i:0	NM:i:0	MD:Z:18	YT:Z:UU
SRR11550027.1986.1	0	NC_045512.2	23139	42	26M	*	0	0	GACCTAAAAAGTCTACTAATTTGGTT	AAEEAEEEEEEEEEEEEEEEEEEEEE	AS:i:0	XN:i:0	XM:i:0	XO:i:0	XG:i:0	NM:i:0	MD:Z:26	YT:Z:UU
SRR11550027.2029.1	0	NC_045512.2	1600	42	29M	*	0	0	TCTTAATGACAACCTTCTTGAAATACTCC	AAEEEEEEEE/EEEEEEEEEEEEEEEEEE	AS:i:0	XN:i:0	XM:i:0	XO:i:0	XG:i:0	NM:i:0	MD:Z:29	YT:Z:UU
SRR11550027.2072.1	0	NC_045512.2	26204	3	38M	*	0	0	CTAGCGTGCCTTTGTAAGCACAAGCTGATGAGCAAAAT	AA/AEA/EAAEEEEEE6EE/E/EEEEEAE/E/EE//A/	AS:i:-14	XN:i:0	XM:i:4	XO:i:0	XG:i:0	NM:i:4	MD:Z:32T1C0G1A0	YT:Z:UU
SRR11550027.2511.1	0	NC_045512.2	8279	42	18M	*	0	0	AACTATATGCTCACCTAT	/AEAAEEEAAEEEEEEEE	AS:i:0	XN:i:0	XM:i:0	XO:i:0	XG:i:0	NM:i:0	MD:Z:18	YT:Z:UU
SRR11550027.2628.1	0	NC_045512.2	447	42	32M	*	0	0	TGCCTCAACTTGAACAGCCCTATGTGTTCATC	AAEEEAA/EEEE66E6EEEEEEEEEEEEE/EE	AS:i:0	XN:i:0	XM:i:0	XO:i:0	XG:i:0	NM:i:0	MD:Z:32	YT:Z:UU
SRR11550027.2833.1	0	NC_045512.2	9928	42	20M	*	0	0	GGATACAACTAGCTACAGAG	AAEE/EE/EEEEEEEEEEEE	AS:i:0	XN:i:0	XM:i:0	XO:i:0	XG:i:0	NM:i:0	MD:Z:20	YT:Z:UU
SRR11550027.3208.1	0	NC_045512.2	26475	42	21M	*	0	0	GAACTAAATATTATATTAGTT	AA/E/A6AAEEEEEEEEEAEE	AS:i:0	XN:i:0	XM:i:0	XO:i:0	XG:i:0	NM:i:0	MD:Z:21	YT:Z:UU
SRR11550027.3365.1	0	NC_045512.2	17472	42	21M	*	0	0	AACTAAGGGCACACTAGAACC	AAEAAEEEEEEEEEEEE6EEE	AS:i:0	XN:i:0	XM:i:0	XO:i:0	XG:i:0	NM:i:0	MD:Z:21	YT:Z:UU
SRR11550027.3399.1	0	NC_045512.2	29854	42	17M	*	0	0	CTTCTTAGGAGAATGAC	AAEAEEEEEEEAEEEEE	AS:i:0	XN:i:0	XM:i:0	XO:i:0	XG:i:0	NM:i:0	MD:Z:17	YT:Z:UU
SRR11550027.3450.1	0	NC_045512.2	7500	42	22M	*	0	0	GTTACAAACGTAATAGAGCAAC	AAAEEE6EEEEEEEEE6EEEEE	AS:i:0	XN:i:0	XM:i:0	XO:i:0	XG:i:0	NM:i:0	MD:Z:22	YT:Z:UU
SRR11550027.3531.1	0	NC_045512.2	281	42	28M	*	0	0	CCTGGTTTCAACGAGAAAACACACGTCC	AAAEEEEEEAEEEEEEEEEEEEEEEEEE	AS:i:0	XN:i:0	XM:i:0	XO:i:0	XG:i:0	NM:i:0	MD:Z:28	YT:Z:UU
SRR11550027.3545.1	0	NC_045512.2	13911	42	17M	*	0	0	CAATAAAAAGGACTGGT	AAEEEEEEEEEEEEEEE	AS:i:0	XN:i:0	XM:i:0	XO:i:0	XG:i:0	NM:i:0	MD:Z:17	YT:Z:UU
SRR11550027.3620.1	0	NC_045512.2	20486	23	17M	*	0	0	TGTGTGTGTGTTCTGTT	A/EEAEEEEEAEEEEEE	AS:i:-5	XN:i:0	XM:i:1	XO:i:0	XG:i:0	NM:i:1	MD:Z:0A16	YT:Z:UU
SRR11550027.3676.1	0	NC_045512.2	29351	42	20M	*	0	0	TACAAAACATTCCCACCAAC	AAEEEEEEEEEEEEEEEEEE	AS:i:0	XN:i:0	XM:i:0	XO:i:0	XG:i:0	NM:i:0	MD:Z:20	YT:Z:UU
SRR11550027.3777.1	0	NC_045512.2	29104	42	20M	*	0	0	TGGTCCAGAACAAACCCAAG	AAEE/AEEAEE/E6EEEEEE	AS:i:0	XN:i:0	XM:i:0	XO:i:0	XG:i:0	NM:i:0	MD:Z:20	YT:Z:UU
SRR11550027.3920.1	0	NC_045512.2	6487	42	18M	*	0	0	CATTATACTTAAACCAGC	AA/A//EAEEEEEEEEEE	AS:i:0	XN:i:0	XM:i:0	XO:i:0	XG:i:0	NM:i:0	MD:Z:18	YT:Z:UU
SRR11550027.3937.1	0	NC_045512.2	15055	42	27M	*	0	0	ATAACTCAAATGAATCTTAAGTATGCC	/AEEEEEEEEEEEEEEEEEEEEEEEEE	AS:i:0	XN:i:0	XM:i:0	XO:i:0	XG:i:0	NM:i:0	MD:Z:27	YT:Z:UU
SRR11550027.4017.1	0	NC_045512.2	18762	42	18M	*	0	0	GATTGATGTTCAACAATG	AAEEAEEEEEE/EAEAEE	AS:i:0	XN:i:0	XM:i:0	XO:i:0	XG:i:0	NM:i:0	MD:Z:18	YT:Z:UU
SRR11550027.4197.1	0	NC_045512.2	17992	0	32M	*	0	0	CAATTTACAAGTCTTGAAATTCCACGTAAAAG	AA6AEEEEEEEEEEEEEEEEEEE/EEEEEEEE	AS:i:-15	XN:i:0	XM:i:3	XO:i:0	XG:i:0	NM:i:3	MD:Z:28G0G1A0	YT:Z:UU
SRR11550027.4220.1	0	NC_045512.2	29339	40	29M	*	0	0	CATATTGACGCATACAAAACATTCCCATC	AAEEEAEAEEEEEEEEEEEEEEEEEEEEE	AS:i:-5	XN:i:0	XM:i:1	XO:i:0	XG:i:0	NM:i:1	MD:Z:27C1	YT:Z:UU
SRR11550027.4274.1	0	NC_045512.2	29345	42	33M	*	0	0	GACGCATACAAAACATTCCCACCAACAGAGCCT	AA/EEEEEEEE//E6EEEEEEEEEEEEA/AEEE	AS:i:0	XN:i:0	XM:i:0	XO:i:0	XG:i:0	NM:i:0	MD:Z:33	YT:Z:UU
SRR11550027.4385.1	0	NC_045512.2	29361	23	18M	*	0	0	TCCCACCAACAGAGCCTT	AAEAAEEEEEEEEEEEEE	AS:i:-5	XN:i:0	XM:i:1	XO:i:0	XG:i:0	NM:i:1	MD:Z:17A0	YT:Z:UU
SRR11550027.4397.1	0	NC_045512.2	26135	24	23M	*	0	0	CAATCGACGGTTCATCCGGAGTC	AAEEEAEEEEEEEEEEEEEEEEE	AS:i:-5	XN:i:0	XM:i:1	XO:i:0	XG:i:0	NM:i:1	MD:Z:22T0	YT:Z:UU
SRR11550027.4398.1	0	NC_045512.2	28667	23	20M	*	0	0	TGGGTTGCAACTGAGGGAGT	AAEEAEEEEEEEEEEEEEEE	AS:i:-5	XN:i:0	XM:i:1	XO:i:0	XG:i:0	NM:i:1	MD:Z:19C0	YT:Z:UU
SRR11550027.4402.1	0	NC_045512.2	8942	42	23M	*	0	0	GGTAACATCTGTTACACACCATC	AAA//EEAEEEEE6E6E6EE6EE	AS:i:0	XN:i:0	XM:i:0	XO:i:0	XG:i:0	NM:i:0	MD:Z:23	YT:Z:UU
SRR11550027.4420.1	0	NC_045512.2	25438	42	18M	*	0	0	AAGCAAGGTGAAATCAAG	AAEEEEEEEEEEAEEEEE	AS:i:0	XN:i:0	XM:i:0	XO:i:0	XG:i:0	NM:i:0	MD:Z:18	YT:Z:UU
SRR11550027.4517.1	0	NC_045512.2	11241	42	33M	*	0	0	GGGTGATGCGTATTATGACATGGTTGGATATGG	AAEEEEEEEEEEEEEEEEEEEEEEEEEEEEEEE	AS:i:0	XN:i:0	XM:i:0	XO:i:0	XG:i:0	NM:i:0	MD:Z:33	YT:Z:UU
SRR11550027.4553.1	0	NC_045512.2	28383	42	24M	*	0	0	CAAAACAACGTCGGCCCCAAGGTT	AAEEEEAEEEEEEEEEEEEEEEEE	AS:i:0	XN:i:0	XM:i:0	XO:i:0	XG:i:0	NM:i:0	MD:Z:24	YT:Z:UU
SRR11550027.4598.1	0	NC_045512.2	6349	24	24M	*	0	0	GAAGTCAGAGGACGCGCAGGGAAC	AA6/EAEAEEEEEEEEEEEEEEEE	AS:i:-5	XN:i:0	XM:i:1	XO:i:0	XG:i:0	NM:i:1	MD:Z:23T0	YT:Z:UU
SRR11550027.4639.1	0	NC_045512.2	8943	42	22M	*	0	0	GTAACATCTGTTACACACCATC	AA//AEEEEEEEEE6E/EEEEE	AS:i:0	XN:i:0	XM:i:0	XO:i:0	XG:i:0	NM:i:0	MD:Z:22	YT:Z:UU
SRR11550027.4656.1	0	NC_045512.2	3935	42	15M	*	0	0	CAGAGAAAACAAGAT	AAEAEEEEEEEEEEE	AS:i:0	XN:i:0	XM:i:0	XO:i:0	XG:i:0	NM:i:0	MD:Z:15	YT:Z:UU
SRR11550027.4674.1	0	NC_045512.2	29351	42	27M	*	0	0	TACAAAACATTCCCACCAACAGAGCCT	A/EAEAEEEAEEEE/EEE6EA//EAAE	AS:i:0	XN:i:0	XM:i:0	XO:i:0	XG:i:0	NM:i:0	MD:Z:27	YT:Z:UU
SRR11550027.4685.1	0	NC_045512.2	699	24	22M	*	0	0	TAGGCGACGAGCTTGGCACTGG	AAEEAEAAEEEE////EEEAEA	AS:i:-5	XN:i:0	XM:i:1	XO:i:0	XG:i:0	NM:i:1	MD:Z:21A0	YT:Z:UU
SRR11550027.4690.1	0	NC_045512.2	11690	24	24M	*	0	0	GGTGTTTATGATTACTTAGTTTAT	AAAEAEEEEEEEEEEEEEEEEEAE	AS:i:-5	XN:i:0	XM:i:1	XO:i:0	XG:i:0	NM:i:1	MD:Z:22C1	YT:Z:UU
SRR11550027.4873.1	0	NC_045512.2	13665	42	17M	*	0	0	CACTTTCTCTAACTACC	AAAAEEAAE/E6E6AEE	AS:i:0	XN:i:0	XM:i:0	XO:i:0	XG:i:0	NM:i:0	MD:Z:17	YT:Z:UU
SRR11550027.4885.1	0	NC_045512.2	1945	42	17M	*	0	0	TGTTTTACAGAAGGCCG	AAAEEE6EEE/EEEEEE	AS:i:0	XN:i:0	XM:i:0	XO:i:0	XG:i:0	NM:i:0	MD:Z:17	YT:Z:UU
SRR11550027.5052.1	0	NC_045512.2	289	24	22M	*	0	0	CAACGAGAAAACACACGTCCAC	AAAEEEEEEEEEEEAEEEEEEE	AS:i:-5	XN:i:0	XM:i:1	XO:i:0	XG:i:0	NM:i:1	MD:Z:21A0	YT:Z:UU
SRR11550027.5059.1	0	NC_045512.2	4282	42	22M	*	0	0	AGAGGAGGCAAAGACAGTGCTT	/AEEEEEEEEEEE6EEEEEEEE	AS:i:0	XN:i:0	XM:i:0	XO:i:0	XG:i:0	NM:i:0	MD:Z:22	YT:Z:UU
SRR11550027.5148.1	0	NC_045512.2	13911	23	19M	*	0	0	CAATAAAAAGGACTGGTAC	AAAE6EAEEEEEEEEEEEE	AS:i:-5	XN:i:0	XM:i:1	XO:i:0	XG:i:0	NM:i:1	MD:Z:18T0	YT:Z:UU
SRR11550027.5168.1	0	NC_045512.2	6349	42	20M	*	0	0	GAAGTCAGAGGACGCGCAGG	6AEEE/E/EAEEEAEEE6EE	AS:i:0	XN:i:0	XM:i:0	XO:i:0	XG:i:0	NM:i:0	MD:Z:20	YT:Z:UU
SRR11550027.5199.1	0	NC_045512.2	25500	42	21M	*	0	0	GATACAAGCCTCACTCCCTTT	AAE6EE/EEEEE6EEEEAEE<	AS:i:0	XN:i:0	XM:i:0	XO:i:0	XG:i:0	NM:i:0	MD:Z:21	YT:Z:UU
SRR11550027.5257.1	0	NC_045512.2	241	23	16M	*	0	0	TGTCCGGGTGTGACCG	AAEEEEEEEEEE<EEE	AS:i:-5	XN:i:0	XM:i:1	XO:i:0	XG:i:0	NM:i:1	MD:Z:0C15	YT:Z:UU
SRR11550027.5309.1	0	NC_045512.2	4389	42	22M	*	0	0	TGCGAGAAATGCTTGCACATGC	AAEEEEAEEEEEEEEE/EAEEE	AS:i:0	XN:i:0	XM:i:0	XO:i:0	XG:i:0	NM:i:0	MD:Z:22	YT:Z:UU
SRR11550027.5434.1	0	NC_045512.2	12644	42	29M	*	0	0	ATTGTAACAGCTTTAAGGGCCAATTCTGC	AAAE/AAE/EEEEEEEEEEEEEEEEEEEE	AS:i:0	XN:i:0	XM:i:0	XO:i:0	XG:i:0	NM:i:0	MD:Z:29	YT:Z:UU
SRR11550027.5524.1	0	NC_045512.2	8062	24	23M	*	0	0	ATCAACTTTTAACGTACCAATGT	AAE6AEEEEEE/E/A/EEEEAEE	AS:i:-5	XN:i:0	XM:i:1	XO:i:0	XG:i:0	NM:i:1	MD:Z:22G0	YT:Z:UU
SRR11550027.5602.1	0	NC_045512.2	26919	42	31M	*	0	0	CTTCTAGAAAGTGAACTCGTAATCGGAGCTG	AAAEEEEEEEEEE66EEEEEEEEEEEEEEEE	AS:i:0	XN:i:0	XM:i:0	XO:i:0	XG:i:0	NM:i:0	MD:Z:31	YT:Z:UU
SRR11550027.5658.1	0	NC_045512.2	20432	24	21M	*	0	0	TGGACAGTACAGTTAAAAACC	AAAAEEEEAEEEEEEEEE6EE	AS:i:-5	XN:i:0	XM:i:1	XO:i:0	XG:i:0	NM:i:1	MD:Z:20T0	YT:Z:UU
SRR11550027.5671.1	0	NC_045512.2	29853	23	18M	*	0	0	GCTTCTTAGGAGCATGAC	AAEEEEEEEEEEEEEEEE	AS:i:-5	XN:i:0	XM:i:1	XO:i:0	XG:i:0	NM:i:1	MD:Z:12A5	YT:Z:UU
SRR11550027.5748.1	0	NC_045512.2	2455	40	18M	*	0	0	CATTCCTCTAAAAGCCCC	A///EAEAEEEEAEEEEE	AS:i:-3	XN:i:0	XM:i:1	XO:i:0	XG:i:0	NM:i:1	MD:Z:3G14	YT:Z:UU
SRR11550027.5777.1	0	NC_045512.2	23630	42	28M	*	0	0	CAATCCATCATTGCCTACACTATGTCAC	AAEEEEEEEEEEEEEE6EEEAEEEEE/E	AS:i:0	XN:i:0	XM:i:0	XO:i:0	XG:i:0	NM:i:0	MD:Z:28	YT:Z:UU
SRR11550027.5782.1	0	NC_045512.2	3173	42	22M	*	0	0	CAACCTGAAGAAGAGCAAGAAG	AAEEEEEEEEEEEEEEEEEEAE	AS:i:0	XN:i:0	XM:i:0	XO:i:0	XG:i:0	NM:i:0	MD:Z:22	YT:Z:UU
SRR11550027.5815.1	0	NC_045512.2	2243	42	26M	*	0	0	GTCGGTGGACAAATTGTCACCTGTGC	AAEEEEEE/EEEEEAEEEEEE<EEAE	AS:i:0	XN:i:0	XM:i:0	XO:i:0	XG:i:0	NM:i:0	MD:Z:26	YT:Z:UU
SRR11550027.5910.1	0	NC_045512.2	22769	42	34M	*	0	0	AGAGGTGATGAAGTCAGACAAATCGCTCCAGGGC	AAEEEEEEEEEEEEEEEEEEEEEEEEEEEEEEEE	AS:i:0	XN:i:0	XM:i:0	XO:i:0	XG:i:0	NM:i:0	MD:Z:34	YT:Z:UU
SRR11550027.5938.1	0	NC_045512.2	28527	42	24M	*	0	0	GCTACTACCGAAGAGCTACCAGAC	AAEEEEEEEEEEE6EEE/EEEEEE	AS:i:0	XN:i:0	XM:i:0	XO:i:0	XG:i:0	NM:i:0	MD:Z:24	YT:Z:UU
SRR11550027.6191.1	0	NC_045512.2	29856	23	15M	*	0	0	TCTTAGGAGAATGGC	AAE66E/AE/AEE6E	AS:i:-4	XN:i:0	XM:i:1	XO:i:0	XG:i:0	NM:i:1	MD:Z:13A1	YT:Z:UU
SRR11550027.6199.1	0	NC_045512.2	7423	42	25M	*	0	0	CTTTGCATCATTTTATTATGTATGG	A/AAEEEEEEEEEEEEEEEEEEEEE	AS:i:0	XN:i:0	XM:i:0	XO:i:0	XG:i:0	NM:i:0	MD:Z:25	YT:Z:UU
SRR11550027.6329.1	0	NC_045512.2	4282	8	15M	*	0	0	AGAGGAGGCAAAGGC	6AEEEEEEEEEEEEE	AS:i:-5	XN:i:0	XM:i:1	XO:i:0	XG:i:0	NM:i:1	MD:Z:13A1	YT:Z:UU
SRR11550027.6379.1	0	NC_045512.2	17359	42	17M	*	0	0	GAAATTTCAATGGCCAC	AAE//EEE6EEEEEEEE	AS:i:0	XN:i:0	XM:i:0	XO:i:0	XG:i:0	NM:i:0	MD:Z:17	YT:Z:UU
SRR11550027.6430.1	0	NC_045512.2	494	42	21M	*	0	0	CGAACTGCACCTCATGGTCAT	AAEEEEAEEEEEE6EEEEEEE	AS:i:0	XN:i:0	XM:i:0	XO:i:0	XG:i:0	NM:i:0	MD:Z:21	YT:Z:UU
SRR11550027.6481.1	0	NC_045512.2	5077	42	17M	*	0	0	TACTAAAATAAAACCTC	6AEEAEEEEE6A/EEEE	AS:i:0	XN:i:0	XM:i:0	XO:i:0	XG:i:0	NM:i:0	MD:Z:17	YT:Z:UU
SRR11550027.6570.1	0	NC_045512.2	29353	40	24M	*	0	0	CAAAACATTCCCACCAACAGCGCC	AA/AEEEAEEEE/AE66EEE/EEE	AS:i:-3	XN:i:0	XM:i:1	XO:i:0	XG:i:0	NM:i:1	MD:Z:20A3	YT:Z:UU
SRR11550027.6607.1	0	NC_045512.2	29842	42	29M	*	0	0	TGATTTTAATAGCTTCTTAGGAGAATGAC	AAEEEEE66EEE/EEEEEEEEEEEEEE/E	AS:i:0	XN:i:0	XM:i:0	XO:i:0	XG:i:0	NM:i:0	MD:Z:29	YT:Z:UU
SRR11550027.6646.1	0	NC_045512.2	28923	23	16M	*	0	0	CTGCTCTTGCTTTGCG	AAAAE/EEAEEEEAEE	AS:i:-5	XN:i:0	XM:i:1	XO:i:0	XG:i:0	NM:i:1	MD:Z:15T0	YT:Z:UU
SRR11550027.6655.1	0	NC_045512.2	4409	42	15M	*	0	0	GCAGAAGAAACACGC	AAAEEEEEEEEEEEE	AS:i:0	XN:i:0	XM:i:0	XO:i:0	XG:i:0	NM:i:0	MD:Z:15	YT:Z:UU
SRR11550027.6697.1	0	NC_045512.2	17904	42	36M	*	0	0	TAATGTAAACAGATTTAATGTTGCTATTACCAGAGC	A/EAEEEEEEEEEEEEEEEEEEEEEEEEEEE/E/EE	AS:i:0	XN:i:0	XM:i:0	XO:i:0	XG:i:0	NM:i:0	MD:Z:36	YT:Z:UU
SRR11550027.6772.1	0	NC_045512.2	27284	42	29M	*	0	0	ATCTTGATTACATCATAAACCTCATAATT	AAEEEEEEEEEEEEEEEEEEEEEEEAEEE	AS:i:0	XN:i:0	XM:i:0	XO:i:0	XG:i:0	NM:i:0	MD:Z:29	YT:Z:UU
SRR11550027.6885.1	0	NC_045512.2	29730	40	29M	*	0	0	CACCGAGGCCACGCGGAGTACGATCGACT	AAEEEEEEEE6EEEEEEEEEEEEEEEEEE	AS:i:-5	XN:i:0	XM:i:1	XO:i:0	XG:i:0	NM:i:1	MD:Z:27G1	YT:Z:UU
SRR11550027.6941.1	0	NC_045512.2	29360	23	18M	*	0	0	TTCCCACCAACAGAGCCG	AAE6EEAEEEEEEEEEEE	AS:i:-5	XN:i:0	XM:i:1	XO:i:0	XG:i:0	NM:i:1	MD:Z:17T0	YT:Z:UU
SRR11550027.6988.1	0	NC_045512.2	19002	42	28M	*	0	0	ATTAGCAGACAAATTCCCAGTTCTTCAC	6AA/EEAE/EEEEAAEEEEAAEEEEEAE	AS:i:0	XN:i:0	XM:i:0	XO:i:0	XG:i:0	NM:i:0	MD:Z:28	YT:Z:UU
SRR11550027.6989.1	0	NC_045512.2	29856	42	15M	*	0	0	TCTTAGGAGAATGAC	AAEEEEEEEAEEEEE	AS:i:0	XN:i:0	XM:i:0	XO:i:0	XG:i:0	NM:i:0	MD:Z:15	YT:Z:UU
SRR11550027.7066.1	0	NC_045512.2	29353	42	24M	*	0	0	CAAAACATTCCCACCAACAGAGCC	AAEEEEEEEEEEEEEEAEEE/EEE	AS:i:0	XN:i:0	XM:i:0	XO:i:0	XG:i:0	NM:i:0	MD:Z:24	YT:Z:UU
SRR11550027.7163.1	0	NC_045512.2	26152	42	16M	*	0	0	GGAGTTGTTAATCCAG	/AE/EEE/EEE/</E/	AS:i:0	XN:i:0	XM:i:0	XO:i:0	XG:i:0	NM:i:0	MD:Z:16	YT:Z:UU
SRR11550027.7224.1	16	NC_045512.2	2323	42	25M	*	0	0	GGCTTTGTGTGCTGACTCTATCATT	A/AAEEAE/EE6AEAEEAE6E/EAA	AS:i:0	XN:i:0	XM:i:0	XO:i:0	XG:i:0	NM:i:0	MD:Z:25	YT:Z:UU
SRR11550027.7253.1	0	NC_045512.2	3179	23	20M	*	0	0	GAAGAAGAGCAAGAAGAAGG	A6AEEEEEEEEEEEEE6EEE	AS:i:-5	XN:i:0	XM:i:1	XO:i:0	XG:i:0	NM:i:1	MD:Z:19A0	YT:Z:UU
SRR11550027.7267.1	0	NC_045512.2	9379	42	30M	*	0	0	TGGTGCTTTGGACATATCAGCATCTATAGT	AAEAEAEEE/EAEEEAEE/AEEEEE6AA/E	AS:i:0	XN:i:0	XM:i:0	XO:i:0	XG:i:0	NM:i:0	MD:Z:30	YT:Z:UU
SRR11550027.7290.1	0	NC_045512.2	9840	42	18M	*	0	0	AGTTGCGTAGTGATGTGC	AAEEEEEEEEEEEEEEEE	AS:i:0	XN:i:0	XM:i:0	XO:i:0	XG:i:0	NM:i:0	MD:Z:18	YT:Z:UU
SRR11550027.7303.1	0	NC_045512.2	2453	42	20M	*	0	0	CTCATGCCTCTAAAAGCCCC	AAEEEEEEEEEAEEAEEEEE	AS:i:0	XN:i:0	XM:i:0	XO:i:0	XG:i:0	NM:i:0	MD:Z:20	YT:Z:UU
SRR11550027.7309.1	0	NC_045512.2	29349	42	28M	*	0	0	CATACAAAACATTCCCACCAACAGAGCC	AAEEAEEEEEEEEEEEEEEEEEEE<EEE	AS:i:0	XN:i:0	XM:i:0	XO:i:0	XG:i:0	NM:i:0	MD:Z:28	YT:Z:UU
SRR11550027.7468.1	0	NC_045512.2	29841	42	30M	*	0	0	GTGATTTTAATAGCTTCTTAGGAGAATGAC	AAEEEEEEEEEEEEEEEEEEEEEEEEEEEE	AS:i:0	XN:i:0	XM:i:0	XO:i:0	XG:i:0	NM:i:0	MD:Z:30	YT:Z:UU
SRR11550027.7499.1	0	NC_045512.2	16302	40	29M	*	0	0	ACCATTCTTATGTTGTAAATGCTGTTACC	AAE6EEEEEEEEEEEEEEEEEEEEEEEEE	AS:i:-5	XN:i:0	XM:i:1	XO:i:0	XG:i:0	NM:i:1	MD:Z:28G0	YT:Z:UU
SRR11550027.7591.1	0	NC_045512.2	4732	24	23M	*	0	0	TCTTACTTCTTCTTCTAAGACAC	AAEAEEEEEEEEEEEEEEE<EEE	AS:i:-5	XN:i:0	XM:i:1	XO:i:0	XG:i:0	NM:i:1	MD:Z:18A4	YT:Z:UU
SRR11550027.7837.1	0	NC_045512.2	7887	42	19M	*	0	0	TAGTTTTTGATGGTAAATC	AAEAEEEEE/EEEEEEEEE	AS:i:0	XN:i:0	XM:i:0	XO:i:0	XG:i:0	NM:i:0	MD:Z:19	YT:Z:UU
SRR11550027.7871.1	0	NC_045512.2	29345	42	32M	*	0	0	GACGCATACAAAACATTCCCACCAACAGAGCC	A/EEEAEAEE/AEEE/E/AEA/E///EEEEEE	AS:i:0	XN:i:0	XM:i:0	XO:i:0	XG:i:0	NM:i:0	MD:Z:32	YT:Z:UU
SRR11550027.8039.1	0	NC_045512.2	29834	42	37M	*	0	0	TCCCCATGTGATTTTAATAGCTTCTTAGGAGAATGGC	AAEEE/EAE/EEEEEEEEEAEEE/EE//E/</AAA/A	AS:i:-3	XN:i:0	XM:i:1	XO:i:0	XG:i:0	NM:i:1	MD:Z:35A1	YT:Z:UU
SRR11550027.8152.1	0	NC_045512.2	29362	42	16M	*	0	0	CCCACCAACAGAGCCT	AAEEEE/EEEEAEEEE	AS:i:0	XN:i:0	XM:i:0	XO:i:0	XG:i:0	NM:i:0	MD:Z:16	YT:Z:UU
SRR11550027.8175.1	0	NC_045512.2	1383	42	18M	*	0	0	GTCACAATTCAGAAGTAG	AAEEEEEEEEEEEEEEEE	AS:i:0	XN:i:0	XM:i:0	XO:i:0	XG:i:0	NM:i:0	MD:Z:18	YT:Z:UU
SRR11550027.8280.1	0	NC_045512.2	27719	24	23M	*	0	0	TTATAACACTTTGCTTCACACAC	AAEEEAEEEEEEEEEEE6EEEEE	AS:i:-5	XN:i:0	XM:i:1	XO:i:0	XG:i:0	NM:i:1	MD:Z:21T1	YT:Z:UU
SRR11550027.8285.1	0	NC_045512.2	2246	42	23M	*	0	0	GGTGGACAAATTGTCACCTGTGC	AAEAE/E/EAEEEEE6AEEEEEE	AS:i:0	XN:i:0	XM:i:0	XO:i:0	XG:i:0	NM:i:0	MD:Z:23	YT:Z:UU
SRR11550027.8294.1	0	NC_045512.2	26930	42	27M	*	0	0	TGAACTCGTAATCGGAGCTGTGATCCT	AAAEEEEEEEEEEEEEEEEEEEEEEEE	AS:i:0	XN:i:0	XM:i:0	XO:i:0	XG:i:0	NM:i:0	MD:Z:27	YT:Z:UU
SRR11550027.8397.1	0	NC_045512.2	25562	42	26M	*	0	0	AGAGCGCTTCCAAAATCATAACCCTC	AAEEEEEEEEEEEEEEEEEEAEEEEE	AS:i:0	XN:i:0	XM:i:0	XO:i:0	XG:i:0	NM:i:0	MD:Z:26	YT:Z:UU
SRR11550027.8552.1	0	NC_045512.2	28655	42	29M	*	0	0	GACGGCATCATATGGGTTGCAACTGAGGG	AAAEEEEEEEEEEEEEEEEEAEEEEAEEE	AS:i:0	XN:i:0	XM:i:0	XO:i:0	XG:i:0	NM:i:0	MD:Z:29	YT:Z:UU
SRR11550027.8560.1	16	NC_045512.2	23234	8	15M	*	0	0	GAGTTTCTGCCTTTC	EEEE//AEEEEEEAA	AS:i:-5	XN:i:0	XM:i:1	XO:i:0	XG:i:0	NM:i:1	MD:Z:0A14	YT:Z:UU
SRR11550027.8634.1	0	NC_045512.2	96	42	15M	*	0	0	CACTCGGCTGCATGC	AAEAEEEEEEEEEEE	AS:i:0	XN:i:0	XM:i:0	XO:i:0	XG:i:0	NM:i:0	MD:Z:15	YT:Z:UU
SRR11550027.8721.1	0	NC_045512.2	737	42	18M	*	0	0	CAAGAAAACTGGAACACT	AA6EEEEEEEEEEEEEEE	AS:i:0	XN:i:0	XM:i:0	XO:i:0	XG:i:0	NM:i:0	MD:Z:18	YT:Z:UU
SRR11550027.8729.1	0	NC_045512.2	28554	42	37M	*	0	0	TTCGTGGTGGGGACGGTAAAATGAAAGATCTCAGTCC	AAAE/EAEEE/E/EEEEE6EEEE6EAE6EEEEAAEAE	AS:i:-3	XN:i:0	XM:i:1	XO:i:0	XG:i:0	NM:i:1	MD:Z:10T26	YT:Z:UU
SRR11550027.8741.1	0	NC_045512.2	24677	42	25M	*	0	0	AGAGTTGATTTTTGTGGAAAGGGCT	AAEEEAEEAEEEEEEEEEEEEEEEE	AS:i:0	XN:i:0	XM:i:0	XO:i:0	XG:i:0	NM:i:0	MD:Z:25	YT:Z:UU
SRR11550027.8780.1	0	NC_045512.2	3838	40	16M	*	0	0	GGAAATGAAGAGTGAT	AAAEAEE//E6EEE6/	AS:i:-3	XN:i:0	XM:i:1	XO:i:0	XG:i:0	NM:i:1	MD:Z:15A0	YT:Z:UU
SRR11550027.8869.1	0	NC_045512.2	27720	42	22M	*	0	0	TATAACACTTTGCTTCACACTC	A6EEEEEEEEEEE/EE/A6EEE	AS:i:0	XN:i:0	XM:i:0	XO:i:0	XG:i:0	NM:i:0	MD:Z:22	YT:Z:UU
SRR11550027.8937.1	0	NC_045512.2	2133	42	25M	*	0	0	AACTCAAACCCGTCCTTGATTGGCT	A6E/AEE/EEE/EEEEEEEEEEEEE	AS:i:0	XN:i:0	XM:i:0	XO:i:0	XG:i:0	NM:i:0	MD:Z:25	YT:Z:UU
SRR11550027.9048.1	0	NC_045512.2	27075	42	34M	*	0	0	CAGCGTGTAGCAGGTGCCTCAGGTTTTGCTGCAT	AAEE/EEEAEE/E/AA/<EEE////EAAEE/A/E	AS:i:-3	XN:i:0	XM:i:1	XO:i:0	XG:i:0	NM:i:1	MD:Z:16A17	YT:Z:UU
SRR11550027.9139.1	0	NC_045512.2	29095	42	26M	*	0	0	CGGCAGACGTGGTCCAGAACAAACCC	AAEAAEEEEEEEEEEEE6EEEE6EEE	AS:i:0	XN:i:0	XM:i:0	XO:i:0	XG:i:0	NM:i:0	MD:Z:26	YT:Z:UU
SRR11550027.9152.1	0	NC_045512.2	23598	8	32M	*	0	0	ATTCTCCTCGGCGGGCACGTAGTGTAGCTAAG	AA6EEEEEEEEEE/EEEEEEEEEEEAEEEAEE	AS:i:-10	XN:i:0	XM:i:2	XO:i:0	XG:i:0	NM:i:2	MD:Z:30G0T0	YT:Z:UU
SRR11550027.9198.1	0	NC_045512.2	2129	42	28M	*	0	0	GAAAAACTCAAACCCGTCCTTGATTGGC	AAEEEEEEE/A/EEEEEEEEEEEEEEEE	AS:i:0	XN:i:0	XM:i:0	XO:i:0	XG:i:0	NM:i:0	MD:Z:28	YT:Z:UU
SRR11550027.9241.1	0	NC_045512.2	29353	42	24M	*	0	0	CAAAACATTCCCACCAACAGAGCC	AAEEEEEEEEEEAEEAEEAE/EEE	AS:i:0	XN:i:0	XM:i:0	XO:i:0	XG:i:0	NM:i:0	MD:Z:24	YT:Z:UU
SRR11550027.9344.1	0	NC_045512.2	28294	42	22M	*	0	0	AAATCAGCGAAATGCACCCCGC	A6EEEEEEEEEEEEE6EEEEEE	AS:i:0	XN:i:0	XM:i:0	XO:i:0	XG:i:0	NM:i:0	MD:Z:22	YT:Z:UU
SRR11550027.9373.1	0	NC_045512.2	7463	42	15M	*	0	0	GTTGTAGACGGTTGT	/AE/AEAAE6AEEEA	AS:i:0	XN:i:0	XM:i:0	XO:i:0	XG:i:0	NM:i:0	MD:Z:15	YT:Z:UU
SRR11550027.9394.1	0	NC_045512.2	17329	23	17M	*	0	0	GAGACGACAGCAGATAG	AAEEEEEEEEEEEEEAE	AS:i:-5	XN:i:0	XM:i:1	XO:i:0	XG:i:0	NM:i:1	MD:Z:16T0	YT:Z:UU
SRR11550027.9415.1	0	NC_045512.2	29844	42	27M	*	0	0	ATTTTAATAGCTTCTTAGGAGAATGAC	AAAAAEEEEEEEEEEEEEEEEEEEE/E	AS:i:0	XN:i:0	XM:i:0	XO:i:0	XG:i:0	NM:i:0	MD:Z:27	YT:Z:UU
SRR11550027.9451.1	0	NC_045512.2	15378	24	24M	*	0	0	TAGCTTGTCACACCGTTTCTATAC	AAEAEEEEEEE/EEEEEEEEEEEE	AS:i:-5	XN:i:0	XM:i:1	XO:i:0	XG:i:0	NM:i:1	MD:Z:23G0	YT:Z:UU
SRR11550027.9492.1	0	NC_045512.2	3180	24	21M	*	0	0	AAGAAGAGCAAGAAGAAGAGT	AAEE6EEEEEEE6EEEEEEEE	AS:i:-5	XN:i:0	XM:i:1	XO:i:0	XG:i:0	NM:i:1	MD:Z:19T1	YT:Z:UU
SRR11550027.9601.1	0	NC_045512.2	7417	42	19M	*	0	0	CATCTTCTTTGCATCATTT	AAEEEEEEEEAEEEEEEEE	AS:i:0	XN:i:0	XM:i:0	XO:i:0	XG:i:0	NM:i:0	MD:Z:19	YT:Z:UU
SRR11550027.9705.1	0	NC_045512.2	8203	42	20M	*	0	0	AGAAACTAAAGATGTTGTTG	AAE/EEEEEEE/EEEEEEEA	AS:i:0	XN:i:0	XM:i:0	XO:i:0	XG:i:0	NM:i:0	MD:Z:20	YT:Z:UU
SRR11550027.9781.1	0	NC_045512.2	638	42	28M	*	0	0	AAGAACGGTAATAAAGGAGCTGGTGGCC	AAEEEEEEEEEEEEEEEEEEEEEEEEEE	AS:i:0	XN:i:0	XM:i:0	XO:i:0	XG:i:0	NM:i:0	MD:Z:28	YT:Z:UU
SRR11550027.9899.1	0	NC_045512.2	29339	42	15M	*	0	0	CATATTGACGCATAC	AAE/EEE/EEEEEEE	AS:i:0	XN:i:0	XM:i:0	XO:i:0	XG:i:0	NM:i:0	MD:Z:15	YT:Z:UU
SRR11550027.9901.1	0	NC_045512.2	3180	42	15M	*	0	0	AAGAAGAGCAAGAAG	AA/EEEEAEEEEAEE	AS:i:0	XN:i:0	XM:i:0	XO:i:0	XG:i:0	NM:i:0	MD:Z:15	YT:Z:UU
SRR11550027.9914.1	16	NC_045512.2	28893	8	15M	*	0	0	CTGCTAGAATGGCTC	E6EEEEEEAEEEAAA	AS:i:-5	XN:i:0	XM:i:1	XO:i:0	XG:i:0	NM:i:1	MD:Z:14G0	YT:Z:UU
SRR11550027.9929.1	16	NC_045512.2	9917	40	32M	*	0	0	AGGGGAGCAATGGATACAACTAGCTACAGAGA	EE6EE/AE//E<EE6EEEEA/EE///AAEEA6	AS:i:-4	XN:i:0	XM:i:1	XO:i:0	XG:i:0	NM:i:1	MD:Z:2T29	YT:Z:UU
SRR11550027.9947.1	0	NC_045512.2	21409	42	21M	*	0	0	CCCCTTAAATTAAGGGGTACT	A//EEEE6/EEEEEEEEEEEE	AS:i:0	XN:i:0	XM:i:0	XO:i:0	XG:i:0	NM:i:0	MD:Z:21	YT:Z:UU
SRR11550027.10018.1	0	NC_045512.2	18709	42	34M	*	0	0	TATGCCTGTTGGCATCATTCTATTGGATTTGATT	AAEEA/EEEEEE//EEEEEEEEEEEEEEEEEEEE	AS:i:0	XN:i:0	XM:i:0	XO:i:0	XG:i:0	NM:i:0	MD:Z:34	YT:Z:UU
SRR11550027.10121.1	0	NC_045512.2	2412	42	23M	*	0	0	TGTACAGAAAGTGTGTTAAATCC	AAEEEE/EAEEEEEEAE6/EEEE	AS:i:0	XN:i:0	XM:i:0	XO:i:0	XG:i:0	NM:i:0	MD:Z:23	YT:Z:UU
SRR11550027.10124.1	0	NC_045512.2	29349	42	28M	*	0	0	CATACAAAACATTCCCACCAACAGAGCC	AAEE/EEEEAEEAAE/EEEEEEEAE66A	AS:i:0	XN:i:0	XM:i:0	XO:i:0	XG:i:0	NM:i:0	MD:Z:28	YT:Z:UU
SRR11550027.10148.1	0	NC_045512.2	29836	42	35M	*	0	0	CCCATGTGATTTTAATAGCTTCTTAGGAGAATGAC	AAAEEEEEEEEEEEEEEEAEEEEEAEE/EEEEEEA	AS:i:0	XN:i:0	XM:i:0	XO:i:0	XG:i:0	NM:i:0	MD:Z:35	YT:Z:UU
SRR11550027.10159.1	0	NC_045512.2	29351	42	27M	*	0	0	TACAAAACATTCCCACCAACAGAGCCT	A/AEEEEEAEEEEE6EEAEEEE6EEEE	AS:i:0	XN:i:0	XM:i:0	XO:i:0	XG:i:0	NM:i:0	MD:Z:27	YT:Z:UU
SRR11550027.10409.1	16	NC_045512.2	14756	42	17M	*	0	0	ACTTCTTCTTTGCTCAG	EEEEEEEEEEEEEEEAA	AS:i:0	XN:i:0	XM:i:0	XO:i:0	XG:i:0	NM:i:0	MD:Z:17	YT:Z:UU
SRR11550027.10500.1	0	NC_045512.2	29353	42	18M	*	0	0	CAAAACATTCCCACCAAC	AAEEEEEEEEEE/EEEEE	AS:i:0	XN:i:0	XM:i:0	XO:i:0	XG:i:0	NM:i:0	MD:Z:18	YT:Z:UU
SRR11550027.10584.1	0	NC_045512.2	2267	24	27M	*	0	0	GCAAAGGAAATTAAGGAGAGTGTTCAT	AAEEAEAEAE6AEEE6EE//<EAEA/E	AS:i:-5	XN:i:0	XM:i:1	XO:i:0	XG:i:0	NM:i:1	MD:Z:26G0	YT:Z:UU
SRR11550027.10593.1	0	NC_045512.2	487	42	26M	*	0	0	GGATTCTCGAACTGCACCTCATGGTC	6AEA/AAA/A/E/EAAE/EEEE////	AS:i:-3	XN:i:0	XM:i:1	XO:i:0	XG:i:0	NM:i:1	MD:Z:4G21	YT:Z:UU
SRR11550027.10630.1	0	NC_045512.2	246	42	15M	*	0	0	GGGTGTGACCGAAAG	AAE/EAEEEEEEEEE	AS:i:0	XN:i:0	XM:i:0	XO:i:0	XG:i:0	NM:i:0	MD:Z:15	YT:Z:UU
SRR11550027.10639.1	0	NC_045512.2	15826	40	33M	*	0	0	GAAGCAAAATGTTGGACTGAGACTGACCTTACC	AA/EEEEEEEEEEEE/EEEEEEEEEEEEEEEEE	AS:i:-5	XN:i:0	XM:i:1	XO:i:0	XG:i:0	NM:i:1	MD:Z:32T0	YT:Z:UU
SRR11550027.10697.1	0	NC_045512.2	10281	42	21M	*	0	0	GGGTTATTGGACATTCTATGC	6AAE//EEEE6EEEEEEEEEE	AS:i:0	XN:i:0	XM:i:0	XO:i:0	XG:i:0	NM:i:0	MD:Z:21	YT:Z:UU
SRR11550027.10804.1	0	NC_045512.2	27232	40	30M	*	0	0	TTAGCAGAGATATTACTAATTATTATGAGG	AAEEAEEEAEEEEEEEEEAEEEEEAEEEEE	AS:i:-5	XN:i:0	XM:i:1	XO:i:0	XG:i:0	NM:i:1	MD:Z:0A29	YT:Z:UU
SRR11550027.10861.1	0	NC_045512.2	21866	42	20M	*	0	0	AGAGGCTGGATTTTTGGTAC	AAAAEAEEEEEEEEEEEEEE	AS:i:0	XN:i:0	XM:i:0	XO:i:0	XG:i:0	NM:i:0	MD:Z:20	YT:Z:UU
SRR11550027.10972.1	0	NC_045512.2	1350	23	20M	*	0	0	AAAATGCTGTTGTTAAAACT	AAEEEEEEEEEEEEEEEEEE	AS:i:-5	XN:i:0	XM:i:1	XO:i:0	XG:i:0	NM:i:1	MD:Z:18T1	YT:Z:UU
SRR11550027.10973.1	0	NC_045512.2	9284	42	29M	*	0	0	AACAATGATTATTACAGATCTTTACCAGG	A/AE/EEAEE/EEAE6EEEEEEEEEEA/6	AS:i:0	XN:i:0	XM:i:0	XO:i:0	XG:i:0	NM:i:0	MD:Z:29	YT:Z:UU
SRR11550027.11038.1	0	NC_045512.2	1164	24	21M	*	0	0	TTCGATCTGTCTATCCAGTTT	AA6A//E/EEEEEEAEAEEEE	AS:i:-5	XN:i:0	XM:i:1	XO:i:0	XG:i:0	NM:i:1	MD:Z:20G0	YT:Z:UU
SRR11550027.11099.1	0	NC_045512.2	27721	42	21M	*	0	0	ATAACACTTTGCTTCACACTC	6AEEEEEEEEEAEEEAEEEEE	AS:i:0	XN:i:0	XM:i:0	XO:i:0	XG:i:0	NM:i:0	MD:Z:21	YT:Z:UU
SRR11550027.11144.1	0	NC_045512.2	1610	42	19M	*	0	0	AACCTTCTTGAAATACTCC	AAAEEEEEEEEEEEEEEEE	AS:i:0	XN:i:0	XM:i:0	XO:i:0	XG:i:0	NM:i:0	MD:Z:19	YT:Z:UU
SRR11550027.11334.1	0	NC_045512.2	29348	40	30M	*	0	0	GCATACAAAACATTCCCACCAACAGAGCCG	AAEEEAAEE/E/EEEEE6EEEEEEE/EEEE	AS:i:-5	XN:i:0	XM:i:1	XO:i:0	XG:i:0	NM:i:1	MD:Z:29T0	YT:Z:UU
SRR11550027.11363.1	0	NC_045512.2	29345	42	31M	*	0	0	GACGCATACAAAACATTCCCACCAACAGAGC	AAEEEEEEEEEEEEEEEEEE6EE/EEEEEEE	AS:i:0	XN:i:0	XM:i:0	XO:i:0	XG:i:0	NM:i:0	MD:Z:31	YT:Z:UU
SRR11550027.11413.1	0	NC_045512.2	16534	23	20M	*	0	0	AGCGATAATGTTACTGACTG	AAEAEEEEEEEEEEEEEEEE	AS:i:-5	XN:i:0	XM:i:1	XO:i:0	XG:i:0	NM:i:1	MD:Z:19T0	YT:Z:UU
SRR11550027.11431.1	0	NC_045512.2	14326	42	33M	*	0	0	CCAAATTGTGTTAACTGTTTGGATGACAGATGC	AAEEEEEEEEEEEAEAEEEEEEEEEEEEE6EEE	AS:i:0	XN:i:0	XM:i:0	XO:i:0	XG:i:0	NM:i:0	MD:Z:33	YT:Z:UU
SRR11550027.11506.1	0	NC_045512.2	225	40	32M	*	0	0	CAGCACATCTAGGTTTTGTCCGGGTGTGACCG	AAEAEAEEEEEEEEEEEEEEEEEEEEEE/EEE	AS:i:-5	XN:i:0	XM:i:1	XO:i:0	XG:i:0	NM:i:1	MD:Z:16C15	YT:Z:UU
SRR11550027.11541.1	0	NC_045512.2	16498	42	18M	*	0	0	CAAGTTTTTGGTTTATAT	AAEEE/EEEEEEEEEEEE	AS:i:0	XN:i:0	XM:i:0	XO:i:0	XG:i:0	NM:i:0	MD:Z:18	YT:Z:UU
SRR11550027.11547.1	0	NC_045512.2	11883	42	18M	*	0	0	TCTCAGTTTTGCAACAAC	AAAEEEEEEEEEEEEEEE	AS:i:0	XN:i:0	XM:i:0	XO:i:0	XG:i:0	NM:i:0	MD:Z:18	YT:Z:UU
SRR11550027.11571.1	0	NC_045512.2	12741	42	20M	*	0	0	CACAAACTGCTTGCACTGAT	AAEEEEEEEEEEEEEEEEEE	AS:i:0	XN:i:0	XM:i:0	XO:i:0	XG:i:0	NM:i:0	MD:Z:20	YT:Z:UU
SRR11550027.11826.1	0	NC_045512.2	28558	24	25M	*	0	0	TGGTGGTGACGGTAAAATGAAAGAC	AAEAAEAEEEEEEEEEEEEEEEE6E	AS:i:-5	XN:i:0	XM:i:1	XO:i:0	XG:i:0	NM:i:1	MD:Z:24T0	YT:Z:UU
SRR11550027.11829.1	0	NC_045512.2	21052	42	26M	*	0	0	TACGACCCTAAGACTAAAAATGTTAC	A6EEEEEEEE/E/EEEEEEEEEEEEE	AS:i:0	XN:i:0	XM:i:0	XO:i:0	XG:i:0	NM:i:0	MD:Z:26	YT:Z:UU
SRR11550027.11894.1	0	NC_045512.2	5435	42	19M	*	0	0	GAGTTAGGTGATGTTAGAG	AAEAAEEEEEEEEEEEEEE	AS:i:0	XN:i:0	XM:i:0	XO:i:0	XG:i:0	NM:i:0	MD:Z:19	YT:Z:UU
SRR11550027.12001.1	0	NC_045512.2	4282	8	15M	*	0	0	AGAGGAGGCAAAGGC	AAEEEEEEEEEEEEE	AS:i:-5	XN:i:0	XM:i:1	XO:i:0	XG:i:0	NM:i:1	MD:Z:13A1	YT:Z:UU
SRR11550027.12014.1	0	NC_045512.2	268	42	28M	*	0	0	GGAGAGCCTTGTCCCTGGTTTCAACGAG	AA6EEEEEEEEEEEEEEEEEEEEEEEEE	AS:i:0	XN:i:0	XM:i:0	XO:i:0	XG:i:0	NM:i:0	MD:Z:28	YT:Z:UU
SRR11550027.12240.1	0	NC_045512.2	29345	42	32M	*	0	0	GACGCATACAAAACATTCCCACCAACAGAGCG	AAEEEEEEEEE//EAEEEEEAEE6AEAE6EE/	AS:i:-3	XN:i:0	XM:i:1	XO:i:0	XG:i:0	NM:i:1	MD:Z:31C0	YT:Z:UU
SRR11550027.12339.1	0	NC_045512.2	9664	42	28M	*	0	0	ACCTTTAGTACCTTTCTGGATAACAATT	AAEEEE/EEEEEEAEEAEEEEEEEEEEE	AS:i:0	XN:i:0	XM:i:0	XO:i:0	XG:i:0	NM:i:0	MD:Z:28	YT:Z:UU
SRR11550027.12348.1	0	NC_045512.2	29856	8	15M	*	0	0	TCTTAGGAGAATGGC	AAEEEE/EA/EEEEE	AS:i:-5	XN:i:0	XM:i:1	XO:i:0	XG:i:0	NM:i:1	MD:Z:13A1	YT:Z:UU
SRR11550027.12419.1	0	NC_045512.2	29353	42	23M	*	0	0	CAAAACATTCCCACCAACAGAGC	AAEEEEEEEEEE/EE6EEEEEEE	AS:i:0	XN:i:0	XM:i:0	XO:i:0	XG:i:0	NM:i:0	MD:Z:23	YT:Z:UU
SRR11550027.12450.1	0	NC_045512.2	19996	23	16M	*	0	0	AGAGTTGATGGTCACG	6AEEEEEEEEEEE<EE	AS:i:-5	XN:i:0	XM:i:1	XO:i:0	XG:i:0	NM:i:1	MD:Z:14A1	YT:Z:UU
SRR11550027.12488.1	16	NC_045512.2	2323	40	19M	*	0	0	GGCTTTGTGTGCTGAATCT	EAEEE6EEEAEEEA//A/6	AS:i:-3	XN:i:0	XM:i:1	XO:i:0	XG:i:0	NM:i:1	MD:Z:15C3	YT:Z:UU
SRR11550027.12694.1	0	NC_045512.2	14993	42	25M	*	0	0	CAATGAGTTATGAGGATCAAGATGC	AAEEAE/EEEEE/EE6EE6EEEEEE	AS:i:0	XN:i:0	XM:i:0	XO:i:0	XG:i:0	NM:i:0	MD:Z:25	YT:Z:UU
SRR11550027.12884.1	0	NC_045512.2	18472	42	30M	*	0	0	CAATTTAAACACCTCATACCACTTATGTAC	AAAAEAEEAE6EEEE6E/EE6EAEEEEEEE	AS:i:0	XN:i:0	XM:i:0	XO:i:0	XG:i:0	NM:i:0	MD:Z:30	YT:Z:UU
SRR11550027.12893.1	0	NC_045512.2	28766	24	21M	*	0	0	ACAACATTGCCAAAAGGCTTT	AAEEEEAEEEEEEEEEEEEEE	AS:i:-5	XN:i:0	XM:i:1	XO:i:0	XG:i:0	NM:i:1	MD:Z:20C0	YT:Z:UU
SRR11550027.13024.1	0	NC_045512.2	1783	42	24M	*	0	0	TGGTAATTTTAAAGTTACAAAAGG	AA//AEEEEE/EAEAE6EEEEEEE	AS:i:0	XN:i:0	XM:i:0	XO:i:0	XG:i:0	NM:i:0	MD:Z:24	YT:Z:UU
SRR11550027.13037.1	0	NC_045512.2	26263	42	24M	*	0	0	GAAGAGACAGGTACGTTAATAGTT	AAEAEAAEEAAEEEEEEEEEEEEE	AS:i:0	XN:i:0	XM:i:0	XO:i:0	XG:i:0	NM:i:0	MD:Z:24	YT:Z:UU
SRR11550027.13048.1	0	NC_045512.2	268	42	26M	*	0	0	GGAGAGCCTTGTCCCTGGTTTCAACG	AAEEEEEEEEEEEEEEEEEEEEAAEE	AS:i:0	XN:i:0	XM:i:0	XO:i:0	XG:i:0	NM:i:0	MD:Z:26	YT:Z:UU
SRR11550027.13158.1	0	NC_045512.2	6355	42	15M	*	0	0	AGAGGACGCGCAGGG	AAEEA/EEEEEEEEE	AS:i:0	XN:i:0	XM:i:0	XO:i:0	XG:i:0	NM:i:0	MD:Z:15	YT:Z:UU
SRR11550027.13183.1	0	NC_045512.2	28660	23	33M	*	0	0	CATCATATGGGTTGCAACTGAGGGAGCCTTGTC	AAEEEAEEEEAEEEEEEEA///AEE/A/EEEAA	AS:i:-10	XN:i:0	XM:i:2	XO:i:0	XG:i:0	NM:i:2	MD:Z:31A0A0	YT:Z:UU
SRR11550027.13300.1	0	NC_045512.2	19100	24	23M	*	0	0	AGCCTTGTAGTGACAAGGCTTAT	AAEEEEEEAEEE6EEEEEEEEEE	AS:i:-5	XN:i:0	XM:i:1	XO:i:0	XG:i:0	NM:i:1	MD:Z:16A6	YT:Z:UU
SRR11550027.13475.1	0	NC_045512.2	12320	42	19M	*	0	0	GAGGACAAGAGGGCAAAAG	AAEEEEEEEEEEEEEEEEE	AS:i:0	XN:i:0	XM:i:0	XO:i:0	XG:i:0	NM:i:0	MD:Z:19	YT:Z:UU
SRR11550027.13489.1	0	NC_045512.2	3913	23	20M	*	0	0	TGAAAGTAAACCTTCAGTTC	AAEEEEEEEEEEEEEEEEEE	AS:i:-5	XN:i:0	XM:i:1	XO:i:0	XG:i:0	NM:i:1	MD:Z:19G0	YT:Z:UU
SRR11550027.13565.1	16	NC_045512.2	3782	23	19M	*	0	0	GCCTACTTAGCTGTCTTTG	EEEEEEEEEEEEEEEAEAA	AS:i:-5	XN:i:0	XM:i:1	XO:i:0	XG:i:0	NM:i:1	MD:Z:1T17	YT:Z:UU
SRR11550027.13823.1	0	NC_045512.2	14992	40	30M	*	0	0	TCAATGAGTTATGAGGATCAAGATGCACTG	AAEE//EEAEEAEEEEEEEEEE6EEEEEEE	AS:i:-5	XN:i:0	XM:i:1	XO:i:0	XG:i:0	NM:i:1	MD:Z:29T0	YT:Z:UU
SRR11550027.14132.1	0	NC_045512.2	24858	23	16M	*	0	0	GCACACACTGGTTTCT	AAEEEEEEEE/EEEEE	AS:i:-5	XN:i:0	XM:i:1	XO:i:0	XG:i:0	NM:i:1	MD:Z:14G1	YT:Z:UU
SRR11550027.14175.1	0	NC_045512.2	8443	24	22M	*	0	0	GAAACAAATACGTAGTGCTGCT	AAEEEEEEE/EEEEEEEEEEEE	AS:i:-5	XN:i:0	XM:i:1	XO:i:0	XG:i:0	NM:i:1	MD:Z:0A21	YT:Z:UU
SRR11550027.14185.1	0	NC_045512.2	3838	3	32M	*	0	0	GGAAATGAAGAGTGAAAAGCAAGTTAAAAAAT	AAE6EEAAEAEEAAAEEEEEEEAEA/AEEEEE	AS:i:-13	XN:i:0	XM:i:3	XO:i:0	XG:i:0	NM:i:3	MD:Z:25G2C2A0	YT:Z:UU
SRR11550027.14285.1	0	NC_045512.2	8428	42	37M	*	0	0	GTCTGAACAACTACGAAAACAAATACGTAGTGCTGCT	AAEEEEEEEEEEEEEEEEEEEEEEEEEEEEEEEEEAA	AS:i:0	XN:i:0	XM:i:0	XO:i:0	XG:i:0	NM:i:0	MD:Z:37	YT:Z:UU
SRR11550027.14307.1	0	NC_045512.2	28678	42	21M	*	0	0	TGAGGGAGCCTTGAATACACC	AAE//EEAEEEAEEE/E//EE	AS:i:0	XN:i:0	XM:i:0	XO:i:0	XG:i:0	NM:i:0	MD:Z:21	YT:Z:UU
SRR11550027.14386.1	0	NC_045512.2	27376	42	21M	*	0	0	GAGATTGATTAAACGAACATG	AAEEEEEEEEE/EEE6EEEEA	AS:i:0	XN:i:0	XM:i:0	XO:i:0	XG:i:0	NM:i:0	MD:Z:21	YT:Z:UU
SRR11550027.14469.1	0	NC_045512.2	28006	42	23M	*	0	0	CTATTCACTTCTATTCTAAATGG	AAEEEEEEEEEEEEEEEEEEEEE	AS:i:0	XN:i:0	XM:i:0	XO:i:0	XG:i:0	NM:i:0	MD:Z:23	YT:Z:UU
SRR11550027.14490.1	0	NC_045512.2	29326	42	28M	*	0	0	TTTGCTGAATAAGCATATTGACGCATAC	AAAEEEE/EE/EAE6EEEEE/EAEAEEE	AS:i:0	XN:i:0	XM:i:0	XO:i:0	XG:i:0	NM:i:0	MD:Z:28	YT:Z:UU
SRR11550027.14533.1	0	NC_045512.2	29840	42	31M	*	0	0	TGTGATTTTAATAGCTTCTTAGGAGAATGAC	AAEEEEA/AEEEEEEEEEEEEEEEE6EEE/E	AS:i:0	XN:i:0	XM:i:0	XO:i:0	XG:i:0	NM:i:0	MD:Z:31	YT:Z:UU
SRR11550027.14681.1	0	NC_045512.2	6488	42	17M	*	0	0	ATTATACTTAAACCAGC	AAEEEAEEEE/AEE6EE	AS:i:0	XN:i:0	XM:i:0	XO:i:0	XG:i:0	NM:i:0	MD:Z:17	YT:Z:UU
SRR11550027.14773.1	0	NC_045512.2	4216	42	27M	*	0	0	GAGAAAAGTGCCAACAGACAATTATAT	AAEEEEEEEEEEEAEEE<EEEEEEEAE	AS:i:0	XN:i:0	XM:i:0	XO:i:0	XG:i:0	NM:i:0	MD:Z:27	YT:Z:UU
SRR11550027.14802.1	0	NC_045512.2	29854	40	17M	*	0	0	CTTCTTAGGAGAATGTC	AAEEEE6EEEAAEEE/E	AS:i:-3	XN:i:0	XM:i:1	XO:i:0	XG:i:0	NM:i:1	MD:Z:15A1	YT:Z:UU
SRR11550027.14855.1	16	NC_045512.2	1011	24	21M	*	0	0	GTGAATTGCAGACACCTTTTG	EEEEEEEEEEEEEEAEEEEAA	AS:i:-5	XN:i:0	XM:i:1	XO:i:0	XG:i:0	NM:i:1	MD:Z:0A20	YT:Z:UU
SRR11550027.14951.1	0	NC_045512.2	23333	24	21M	*	0	0	TCTTTTGGTGGTGTCAGTGTC	AAEEEEEEEEEEEEEEEEEEE	AS:i:-5	XN:i:0	XM:i:1	XO:i:0	XG:i:0	NM:i:1	MD:Z:20T0	YT:Z:UU
SRR11550027.14956.1	0	NC_045512.2	17874	42	21M	*	0	0	CACTCAAACCACTGAAACAGC	AAEEEEE6EE/EEE6E/E/EE	AS:i:0	XN:i:0	XM:i:0	XO:i:0	XG:i:0	NM:i:0	MD:Z:21	YT:Z:UU
SRR11550027.14981.1	0	NC_045512.2	27293	23	16M	*	0	0	ACATCATAAACCTCAC	AAE/EEEEEEEEEEEE	AS:i:-5	XN:i:0	XM:i:1	XO:i:0	XG:i:0	NM:i:1	MD:Z:15T0	YT:Z:UU
SRR11550027.15004.1	0	NC_045512.2	24754	42	20M	*	0	0	TGTGACTTATGTCCCTGCAC	AAAE//EEEEEEEEEEEEEE	AS:i:0	XN:i:0	XM:i:0	XO:i:0	XG:i:0	NM:i:0	MD:Z:20	YT:Z:UU
SRR11550027.15203.1	0	NC_045512.2	28070	24	22M	*	0	0	ATTGTGCGTGGATGAGGCTGGC	AAAEEEEEEEEEEEEEEEEEEA	AS:i:-5	XN:i:0	XM:i:1	XO:i:0	XG:i:0	NM:i:1	MD:Z:21T0	YT:Z:UU
SRR11550027.15221.1	0	NC_045512.2	27713	40	29M	*	0	0	TAGTGTTTATAACACTATGCTTCACACTC	//EAEAEEAE6/EEEEEEEEEEE/EEEEE	AS:i:-5	XN:i:0	XM:i:1	XO:i:0	XG:i:0	NM:i:1	MD:Z:16T12	YT:Z:UU
SRR11550027.15336.1	0	NC_045512.2	3682	42	24M	*	0	0	TCAGCACGAAGTTCTACTTGCACC	AAEEEEEEEEEEEEE6EEEEE/EE	AS:i:0	XN:i:0	XM:i:0	XO:i:0	XG:i:0	NM:i:0	MD:Z:24	YT:Z:UU
SRR11550027.15396.1	0	NC_045512.2	28064	24	25M	*	0	0	AATTGAATTGTGCGTGGATGAGGCC	6AEEEEEEAEEE/EEEEEEEEEEEE	AS:i:-5	XN:i:0	XM:i:1	XO:i:0	XG:i:0	NM:i:1	MD:Z:24T0	YT:Z:UU
SRR11550027.15494.1	0	NC_045512.2	20037	42	27M	*	0	0	TGGTGTTCTTATTACAGAAGGTAGTGT	AAEAEEEEEEEEEEEEEEEEEEEEEEE	AS:i:0	XN:i:0	XM:i:0	XO:i:0	XG:i:0	NM:i:0	MD:Z:27	YT:Z:UU
SRR11550027.15595.1	0	NC_045512.2	1176	42	16M	*	0	0	ATCCAGTTGCGTCACC	A/EEEEEEEEEEEEEE	AS:i:0	XN:i:0	XM:i:0	XO:i:0	XG:i:0	NM:i:0	MD:Z:16	YT:Z:UU
SRR11550027.15605.1	0	NC_045512.2	25445	42	27M	*	0	0	GTGAAATCAAGGATGCTACTCCTTCAG	AAEE/AEEEEEEEEEEEEEEEEEEEEE	AS:i:0	XN:i:0	XM:i:0	XO:i:0	XG:i:0	NM:i:0	MD:Z:27	YT:Z:UU
SRR11550027.15622.1	0	NC_045512.2	5808	42	35M	*	0	0	TAGACGGTGCTTTACTTACAAAGTCCTCAGAATAC	A6E/EEEEEEEEEE/EEEEEEEEEEEEEE//EEEE	AS:i:0	XN:i:0	XM:i:0	XO:i:0	XG:i:0	NM:i:0	MD:Z:35	YT:Z:UU
SRR11550027.15651.1	0	NC_045512.2	26067	42	22M	*	0	0	TGAACATGTTACCTTCTTCATC	AAEEE/EEEE/EEAEEEEE/EE	AS:i:0	XN:i:0	XM:i:0	XO:i:0	XG:i:0	NM:i:0	MD:Z:22	YT:Z:UU
SRR11550027.15737.1	0	NC_045512.2	29839	42	32M	*	0	0	ATGTGATTTTAATAGCTTCTTAGGAGAATGAC	AAEAEEEEEEEAEEEEEEEEEEEEEE6EEEEE	AS:i:0	XN:i:0	XM:i:0	XO:i:0	XG:i:0	NM:i:0	MD:Z:32	YT:Z:UU
SRR11550027.15744.1	0	NC_045512.2	12314	42	20M	*	0	0	AGATCTGAGGACAAGAGGGC	AAE6EEEEEEEEEEEEEEEE	AS:i:0	XN:i:0	XM:i:0	XO:i:0	XG:i:0	NM:i:0	MD:Z:20	YT:Z:UU
SRR11550027.15763.1	0	NC_045512.2	29094	42	27M	*	0	0	TCGGCAGACGTGGTCCAGAACAAACCC	AAAEEAEEEEE/EEEEEEAEEEE6EEE	AS:i:0	XN:i:0	XM:i:0	XO:i:0	XG:i:0	NM:i:0	MD:Z:27	YT:Z:UU
SRR11550027.15837.1	16	NC_045512.2	20676	42	28M	*	0	0	ACCGGGTGTTGCTATGCCTAATCTTTAC	EAEEEE6E/EAEAE///E6EEAE/E6AA	AS:i:0	XN:i:0	XM:i:0	XO:i:0	XG:i:0	NM:i:0	MD:Z:28	YT:Z:UU
SRR11550027.15857.1	0	NC_045512.2	29360	42	18M	*	0	0	TTCCCACCAACAGAGCCT	AA/AEEEA///6E/EEAA	AS:i:0	XN:i:0	XM:i:0	XO:i:0	XG:i:0	NM:i:0	MD:Z:18	YT:Z:UU
SRR11550027.15866.1	0	NC_045512.2	29361	23	17M	*	0	0	TCCCCCCAACAGAGCCT	6AAEEAE//AEA/EEEE	AS:i:-5	XN:i:0	XM:i:1	XO:i:0	XG:i:0	NM:i:1	MD:Z:4A12	YT:Z:UU
SRR11550027.15987.1	0	NC_045512.2	23999	23	15M	*	0	0	AGCAAGAGGTCATTC	AAE/E///AEE6/E6	AS:i:-4	XN:i:0	XM:i:1	XO:i:0	XG:i:0	NM:i:1	MD:Z:14T0	YT:Z:UU
SRR11550027.16022.1	0	NC_045512.2	272	42	22M	*	0	0	AGCCTTGTCCCTGGTTTCAACG	/AEEAEEEEEEEEEEEEEEEEE	AS:i:0	XN:i:0	XM:i:0	XO:i:0	XG:i:0	NM:i:0	MD:Z:22	YT:Z:UU
SRR11550027.16216.1	0	NC_045512.2	2452	42	21M	*	0	0	ACTCATGCCTCTAAAAGCCCC	AAAEEEEEEEEEEEEEEEEEE	AS:i:0	XN:i:0	XM:i:0	XO:i:0	XG:i:0	NM:i:0	MD:Z:21	YT:Z:UU
SRR11550027.16265.1	0	NC_045512.2	5423	42	20M	*	0	0	AAGACAGTAGGTGAGTTAGG	AAEEEEEEEEEEEEEEEEEE	AS:i:0	XN:i:0	XM:i:0	XO:i:0	XG:i:0	NM:i:0	MD:Z:20	YT:Z:UU
SRR11550027.16314.1	0	NC_045512.2	3056	23	16M	*	0	0	GAAGAAGAAGGTGACT	AA6/A6/EEEAEEAEE	AS:i:-5	XN:i:0	XM:i:1	XO:i:0	XG:i:0	NM:i:1	MD:Z:14T1	YT:Z:UU
SRR11550027.16339.1	0	NC_045512.2	14243	23	19M	*	0	0	GGGATTTGTTAAAATATGC	A/EEAEEEAEEEEEEEEEE	AS:i:-5	XN:i:0	XM:i:1	XO:i:0	XG:i:0	NM:i:1	MD:Z:18A0	YT:Z:UU
SRR11550027.16394.1	0	NC_045512.2	26717	42	24M	*	0	0	TGTGCTTGCTGCTGTTTACAGAAT	AAEEEAEEEEEEEEEEEEEEEEEE	AS:i:0	XN:i:0	XM:i:0	XO:i:0	XG:i:0	NM:i:0	MD:Z:24	YT:Z:UU
SRR11550027.16395.1	0	NC_045512.2	22778	24	27M	*	0	0	GAAGTCAGACAAATCGCTCCAGGGCAT	AAEEEEEEAEEE/EEEEEEEEEEEEEE	AS:i:-5	XN:i:0	XM:i:1	XO:i:0	XG:i:0	NM:i:1	MD:Z:26A0	YT:Z:UU
SRR11550027.16463.1	0	NC_045512.2	6795	23	17M	*	0	0	TACAATTGTATACTTTT	AAEEEEEEEEEEEEEEE	AS:i:-5	XN:i:0	XM:i:1	XO:i:0	XG:i:0	NM:i:1	MD:Z:9G7	YT:Z:UU
SRR11550027.16502.1	0	NC_045512.2	242	42	15M	*	0	0	GTCCGGGTGTGACCG	AAEEEEAEA/EEEEE	AS:i:0	XN:i:0	XM:i:0	XO:i:0	XG:i:0	NM:i:0	MD:Z:15	YT:Z:UU
SRR11550027.16600.1	0	NC_045512.2	3179	42	19M	*	0	0	GAAGAAGAGCAAGAAGAAG	AAEAEAA//EE//AEEEEE	AS:i:0	XN:i:0	XM:i:0	XO:i:0	XG:i:0	NM:i:0	MD:Z:19	YT:Z:UU
SRR11550027.16615.1	0	NC_045512.2	29854	42	17M	*	0	0	CTTCTTAGGAGAATGAC	AAAEEEEEEEEEEEEAE	AS:i:0	XN:i:0	XM:i:0	XO:i:0	XG:i:0	NM:i:0	MD:Z:17	YT:Z:UU
SRR11550027.16621.1	0	NC_045512.2	29857	8	15M	*	0	0	CTTAGGAGAATGACT	AAAAEEEE6EEEEEE	AS:i:-5	XN:i:0	XM:i:1	XO:i:0	XG:i:0	NM:i:1	MD:Z:14A0	YT:Z:UU
SRR11550027.16681.1	0	NC_045512.2	555	42	21M	*	0	0	ACGGTCGTAGTGGTGAGACAC	/AEAEAEEEAEEEEEEE/EEE	AS:i:0	XN:i:0	XM:i:0	XO:i:0	XG:i:0	NM:i:0	MD:Z:21	YT:Z:UU
SRR11550027.16691.1	0	NC_045512.2	28417	24	29M	*	0	0	TACTTAGTCTTGGTTCACCGCTCTCACTC	66A///AE/EEAE/EA/EEEE<EAE/EE/	AS:i:-6	XN:i:0	XM:i:2	XO:i:0	XG:i:0	NM:i:2	MD:Z:4G0C23	YT:Z:UU
SRR11550027.16781.1	0	NC_045512.2	3843	42	15M	*	0	0	TGAAGAGTGAAAAGC	AAEEEAEE/EEEEEE	AS:i:0	XN:i:0	XM:i:0	XO:i:0	XG:i:0	NM:i:0	MD:Z:15	YT:Z:UU
SRR11550027.16940.1	0	NC_045512.2	23380	3	25M	*	0	0	CCAGGTTGCTGTTCTTTATCAGGGG	AAEEAEEEEEEEEEEEEEEEEEEEE	AS:i:-10	XN:i:0	XM:i:2	XO:i:0	XG:i:0	NM:i:2	MD:Z:23A0T0	YT:Z:UU
SRR11550027.16947.1	0	NC_045512.2	1172	42	20M	*	0	0	GTCTATCCAGTTGCGTCACC	AA///EEEAEEEEEEEE6EE	AS:i:0	XN:i:0	XM:i:0	XO:i:0	XG:i:0	NM:i:0	MD:Z:20	YT:Z:UU
SRR11550027.17097.1	16	NC_045512.2	17149	42	19M	*	0	0	GTGTATACAGCTTGCTCTC	E/EEEEEEEEEEEEEEEAA	AS:i:0	XN:i:0	XM:i:0	XO:i:0	XG:i:0	NM:i:0	MD:Z:19	YT:Z:UU
