
    Provides Bioinformatics software.
    For more information please use:

        $ module help Bioinformatics


stat: Bad file descriptor
Warning: Could not open read file "p32.fq" for reading; skipping...
Error: No input read files were valid
(ERR): bowtie2-align exited with value 1
[main_samview] fail to read the header from "p32_hg38.sam".
[E::hts_open_format] Failed to open file "p32_hg38.bam" : No such file or directory
samtools sort: can't open "p32_hg38.bam": No such file or directory
[E::hts_open_format] Failed to open file "p32_hg38.sorted.bam" : No such file or directory
samtools index: failed to open "p32_hg38.sorted.bam": No such file or directory
(ERR): "../sars2" does not exist or is not a Bowtie 2 index
Exiting now ...
[E::hts_open_format] Failed to open file "p32_sars2.sam" : No such file or directory
samtools view: failed to open "p32_sars2.sam" for reading: No such file or directory
[E::hts_open_format] Failed to open file "p32_sars2.bam" : No such file or directory
samtools sort: can't open "p32_sars2.bam": No such file or directory
[E::hts_open_format] Failed to open file "p32_sars2.sorted.bam" : No such file or directory
samtools index: failed to open "p32_sars2.sorted.bam": No such file or directory
